"../../../../../../PG-R4/UE4project/Sugiyama_ActionGame/Content/Enemy/BP/BTD_CheckDistance.uasset" 0
"../../../../../../PG-R4/UE4project/Sugiyama_ActionGame/Content/Enemy/BTD_CheckDistance.uasset" 1
"../../../../../../PG-R4/UE4project/Sugiyama_ActionGame/Content/Enemy/BP/BTS_Target.uasset" 2
"../../../../../../PG-R4/UE4project/Sugiyama_ActionGame/Content/Enemy/BTS_Target.uasset" 3
"../../../Engine/Content/EngineMeshes/Humanoid.uasset" 4
"../../../../../../PG-R4/UE4project/Sugiyama_ActionGame/Content/Mannequin/Character/Mesh/UE4_Mannequin_Skeleton.uasset" 5
"../../../../../../PG-R4/UE4project/Sugiyama_ActionGame/Content/Mannequin/Animations/ThirdPerson_Jump.uasset" 6
"../../../../../../PG-R4/UE4project/Sugiyama_ActionGame/Content/Mannequin/Animations/ThirdPersonJump_Loop.uasset" 7
"../../../../../../PG-R4/UE4project/Sugiyama_ActionGame/Content/Mannequin/Animations/ThirdPersonJump_Start.uasset" 8
"../../../../../../PG-R4/UE4project/Sugiyama_ActionGame/Content/Mannequin/Animations/ThirdPersonIdle.uasset" 9
"../../../../../../PG-R4/UE4project/Sugiyama_ActionGame/Content/Mannequin/Animations/ThirdPersonRun.uasset" 10
"../../../../../../PG-R4/UE4project/Sugiyama_ActionGame/Content/Mannequin/Animations/ThirdPersonWalk.uasset" 11
"../../../../../../PG-R4/UE4project/Sugiyama_ActionGame/Content/Mannequin/Animations/ThirdPerson_IdleRun_2D.uasset" 12
"../../../Engine/Content/EditorBlueprintResources/StandardMacros.uasset" 13
"../../../../../../PG-R4/UE4project/Sugiyama_ActionGame/Content/StarterContent/Textures/T_MacroVariation.uasset" 14
"../../../../../../PG-R4/UE4project/Sugiyama_ActionGame/Content/StarterContent/Textures/T_Wood_Oak_D.uasset" 15
"../../../../../../PG-R4/UE4project/Sugiyama_ActionGame/Content/StarterContent/Textures/T_Wood_Oak_N.uasset" 16
"../../../../../../PG-R4/UE4project/Sugiyama_ActionGame/Content/StarterContent/Materials/M_Wood_Oak.uasset" 17
"../../../Engine/Content/Functions/Engine_MaterialFunctions01/ImageAdjustment/DeriveHDRfromLDR.uasset" 18
"../../../../../../PG-R4/UE4project/Sugiyama_ActionGame/Content/Hack_And_Slash_FX/Textures/Flare/T_VFX_Flare_Chromatic.uasset" 19
"../../../../../../PG-R4/UE4project/Sugiyama_ActionGame/Content/Hack_And_Slash_FX/Materials/Flare/M_VFX_Chromatic_Flare.uasset" 20
"../../../../../../PG-R4/UE4project/Sugiyama_ActionGame/Content/Hack_And_Slash_FX/Textures/Glow/T_VFX_Glow_1.uasset" 21
"../../../../../../PG-R4/UE4project/Sugiyama_ActionGame/Content/Hack_And_Slash_FX/Textures/Noise/T_VFX_Noise_3.uasset" 22
"../../../../../../PG-R4/UE4project/Sugiyama_ActionGame/Content/Hack_And_Slash_FX/Textures/Noise/T_VFX_Noise_4.uasset" 23
"../../../../../../PG-R4/UE4project/Sugiyama_ActionGame/Content/Hack_And_Slash_FX/Materials/Master/M_VFX_Slash.uasset" 24
"../../../../../../PG-R4/UE4project/Sugiyama_ActionGame/Content/Hack_And_Slash_FX/Materials/Master/M_VFX_VFX_Particle.uasset" 25
"../../../../../../PG-R4/UE4project/Sugiyama_ActionGame/Content/Hack_And_Slash_FX/Materials/Glow/MI_VFX_Glow_1.uasset" 26
"../../../../../../PG-R4/UE4project/Sugiyama_ActionGame/Content/Hack_And_Slash_FX/Textures/Mask/T_VFX_Gradient_Box_2.uasset" 27
"../../../../../../PG-R4/UE4project/Sugiyama_ActionGame/Content/Hack_And_Slash_FX/Textures/Noise/T_VFX_Noise_2.uasset" 28
"../../../../../../PG-R4/UE4project/Sugiyama_ActionGame/Content/Hack_And_Slash_FX/Textures/Noise/T_VFX_Noise_6.uasset" 29
"../../../../../../PG-R4/UE4project/Sugiyama_ActionGame/Content/Hack_And_Slash_FX/Textures/Slash_Mask/T_VFX_Slash_Mask_8.uasset" 30
"../../../../../../PG-R4/UE4project/Sugiyama_ActionGame/Content/Hack_And_Slash_FX/Materials/Slash/Fire/MI_VFX_Fire_Slash_Emission_1.uasset" 31
"../../../../../../PG-R4/UE4project/Sugiyama_ActionGame/Content/Hack_And_Slash_FX/Textures/Noise/T_VFX_Noise_7.uasset" 32
"../../../../../../PG-R4/UE4project/Sugiyama_ActionGame/Content/Hack_And_Slash_FX/Materials/Slash/Fire/MI_VFX_Fire_Slash_Emission_2.uasset" 33
"../../../../../../PG-R4/UE4project/Sugiyama_ActionGame/Content/Hack_And_Slash_FX/Textures/Smoke/T_VFX_Smoke_1_5x5.uasset" 34
"../../../../../../PG-R4/UE4project/Sugiyama_ActionGame/Content/Hack_And_Slash_FX/Materials/Master/M_VFX_Particle_SubUV.uasset" 35
"../../../../../../PG-R4/UE4project/Sugiyama_ActionGame/Content/Hack_And_Slash_FX/Textures/Smoke/T_VFX_Fire_4x4.uasset" 36
"../../../../../../PG-R4/UE4project/Sugiyama_ActionGame/Content/Hack_And_Slash_FX/Materials/Smoke/MI_VFX_Fire_1.uasset" 37
"../../../../../../PG-R4/UE4project/Sugiyama_ActionGame/Content/Hack_And_Slash_FX/Textures/Smoke/T_VFX_Smoke_4_4x4.uasset" 38
"../../../../../../PG-R4/UE4project/Sugiyama_ActionGame/Content/Hack_And_Slash_FX/Materials/Smoke/MI_VFX_Fire_2.uasset" 39
"../../../../../../PG-R4/UE4project/Sugiyama_ActionGame/Content/Hack_And_Slash_FX/Materials/Sparks/MI_VFX_Sparks_1.uasset" 40
"../../Plugins/FX/Niagara/Content/DynamicInputs/Angles/NormalizedAngleToDegrees.uasset" 41
"../../Plugins/FX/Niagara/Content/Enums/ENiagaraRandomnessMode.uasset" 42
"../../Plugins/FX/Niagara/Content/Functions/GetRandomInfo.uasset" 43
"../../Plugins/FX/Niagara/Content/Functions/RandomRangeFloat.uasset" 44
"../../Plugins/FX/Niagara/Content/DynamicInputs/UniformRange/UniformRangedFloat.uasset" 45
"../../Plugins/FX/Niagara/Content/DynamicInputs/ValueFromCurve/FloatFromCurve.uasset" 46
"../../Plugins/FX/Niagara/Content/DynamicInputs/ValueFromCurve/Vector2DFromCurve.uasset" 47
"../../Plugins/FX/Niagara/Content/Functions/Emitter/EmitterChangeState.uasset" 48
"../../Plugins/FX/Niagara/Content/Enums/ENiagara_EmitterStateOptions.uasset" 49
"../../Plugins/FX/Niagara/Content/Enums/ENiagara_InfiniteLoopDuration.uasset" 50
"../../Plugins/FX/Niagara/Content/Enums/ENiagaraEmitterLifeCycleMode.uasset" 51
"../../Plugins/FX/Niagara/Content/Enums/ENiagaraEmitterScalabilityMode_Limited.uasset" 52
"../../Plugins/FX/Niagara/Content/Enums/ENiagaraExecutionStateManagement.uasset" 53
"../../Plugins/FX/Niagara/Content/Enums/ENiagaraInactiveMode.uasset" 54
"../../Plugins/FX/Niagara/Content/Modules/Emitter/EmitterState.uasset" 55
"../../Plugins/FX/Niagara/Content/Modules/Emitter/SpawnBurst_Instantaneous.uasset" 56
"../../Plugins/FX/Niagara/Content/Functions/Localspace/SimulationPosition.uasset" 57
"../../Plugins/FX/Niagara/Content/Modules/Spawn/Initialization/InitializeParticle.uasset" 58
"../../Plugins/FX/Niagara/Content/Enums/ENiagaraScaleColorMode.uasset" 59
"../../Plugins/FX/Niagara/Content/Modules/Update/Color/ScaleColor.uasset" 60
"../../Plugins/FX/Niagara/Content/Modules/Update/Lifetime/ParticleState.uasset" 61
"../../Plugins/FX/Niagara/Content/Modules/Update/Size/ScaleSpriteSize.uasset" 62
"../../../../../../PG-R4/UE4project/Sugiyama_ActionGame/Content/Hack_And_Slash_FX/VFX_Niagara/Emitters/NE_Flare.uasset" 63
"../../Plugins/FX/Niagara/Content/Functions/DirectionAndLengthSafe.uasset" 64
"../../Plugins/FX/Niagara/Content/Enums/ENiagaraCoordinateSpace.uasset" 65
"../../Plugins/FX/Niagara/Content/Functions/Localspace/TransformBase.uasset" 66
"../../Plugins/FX/Niagara/Content/Functions/Localspace/TransformVector.uasset" 67
"../../Plugins/FX/Niagara/Content/Functions/Rotation/FindQuatBetween.uasset" 68
"../../Plugins/FX/Niagara/Content/Functions/Rotation/MultiplyQuaternion.uasset" 69
"../../Plugins/FX/Niagara/Content/Functions/Rotation/AxisAngleToQuaternion.uasset" 70
"../../Plugins/FX/Niagara/Content/Modules/Solvers/ApplyRotationVector.uasset" 71
"../../Plugins/FX/Niagara/Content/Enums/ENiagaraMeshTransforms.uasset" 72
"../../Plugins/FX/Niagara/Content/Modules/Spawn/Orientation/V2/InitialMeshOrientation.uasset" 73
"../../Plugins/FX/Niagara/Content/Modules/Update/Material/DynamicMaterialParameters.uasset" 74
"../../../../../../PG-R4/UE4project/Sugiyama_ActionGame/Content/Hack_And_Slash_FX/Meshes/SM_VFX_Slash_Radial_Half_2.uasset" 75
"../../../../../../PG-R4/UE4project/Sugiyama_ActionGame/Content/Hack_And_Slash_FX/VFX_Niagara/Emitters/NE_Slash.uasset" 76
"../../Plugins/FX/Niagara/Content/Functions/RandomRangeInteger.uasset" 77
"../../Plugins/FX/Niagara/Content/DynamicInputs/UniformRange/UniformRangedInt.uasset" 78
"../../Plugins/FX/Niagara/Content/DynamicInputs/UniformRange/UniformRangedVector2D.uasset" 79
"../../Plugins/FX/Niagara/Content/Modules/Emitter/SpawnRate.uasset" 80
"../../Plugins/FX/Niagara/Content/Functions/RandomPointInSphere.uasset" 81
"../../Plugins/FX/Niagara/Content/Enums/ENiagaraExpansionMode.uasset" 82
"../../Plugins/FX/Niagara/Content/Enums/ENiagaraTorusDistributionMode.uasset" 83
"../../Plugins/FX/Niagara/Content/Modules/Spawn/Location/SphereLocation.uasset" 84
"../../../../../../PG-R4/UE4project/Sugiyama_ActionGame/Content/Hack_And_Slash_FX/VFX_Niagara/Emitters/NE_Sparks.uasset" 85
"../../Plugins/FX/Niagara/Content/DynamicInputs/ScaleByCurve/ScaleFloatByCurve.uasset" 86
"../../Plugins/FX/Niagara/Content/DynamicInputs/UniformRange/UniformRangedVector.uasset" 87
"../../Plugins/FX/Niagara/Content/Modules/Solvers/ApplyInitialForces.uasset" 88
"../../Plugins/FX/Niagara/Content/Modules/Solvers/SolveForcesAndVelocity.uasset" 89
"../../Plugins/FX/Niagara/Content/Functions/ParametricTorus.uasset" 90
"../../Plugins/FX/Niagara/Content/Functions/ParametricTorusKnot.uasset" 91
"../../Plugins/FX/Niagara/Content/Functions/PolarToCartesianCoordinates.uasset" 92
"../../Plugins/FX/Niagara/Content/Functions/RandomRange.uasset" 93
"../../Plugins/FX/Niagara/Content/Functions/Rotation/MultiplyVectorWithQuaternion.uasset" 94
"../../Plugins/FX/Niagara/Content/Enums/ENiagaraTorusMode.uasset" 95
"../../Plugins/FX/Niagara/Content/Modules/Spawn/Location/TorusLocation.uasset" 96
"../../Plugins/FX/Niagara/Content/Modules/Spawn/Velocity/AddVelocity.uasset" 97
"../../Plugins/FX/Niagara/Content/Functions/NormalizeDistanceRange.uasset" 98
"../../Plugins/FX/Niagara/Content/Functions/DistanceBasedFalloff.uasset" 99
"../../Plugins/FX/Niagara/Content/Functions/RandomUnitVector.uasset" 100
"../../Plugins/FX/Niagara/Content/Functions/RandomVector.uasset" 101
"../../Plugins/FX/Niagara/Content/Modules/Spawn/Velocity/AddVelocityFromPoint.uasset" 102
"../../Plugins/FX/Niagara/Content/Functions/Math/RemapValueRange.uasset" 103
"../../Plugins/FX/Niagara/Content/Functions/RandomVectorInCone.uasset" 104
"../../Plugins/FX/Niagara/Content/Modules/Spawn/Velocity/AddVelocityInCone.uasset" 105
"../../Plugins/FX/Niagara/Content/Functions/System/SystemChangeState.uasset" 106
"../../Plugins/FX/Niagara/Content/Enums/ENiagaraSystemInactiveMode.uasset" 107
"../../Plugins/FX/Niagara/Content/Modules/System/SystemState.uasset" 108
"../../Plugins/FX/Niagara/Content/Functions/FindAngleBetweenVectors.uasset" 109
"../../Plugins/FX/Niagara/Content/Functions/Masks/ConeMask.uasset" 110
"../../Plugins/FX/Niagara/Content/Enums/ENiagaraCurlNoiseQuality.uasset" 111
"../../Plugins/FX/Niagara/Content/VectorFields/Assets/TilingCurl16.uasset" 112
"../../Plugins/FX/Niagara/Content/VectorFields/Assets/TilingCurl32.uasset" 113
"../../Plugins/FX/Niagara/Content/VectorFields/Assets/TilingCurl64.uasset" 114
"../../Plugins/FX/Niagara/Content/Modules/Update/Forces/CurlNoiseForce.uasset" 115
"../../Plugins/FX/Niagara/Content/Modules/Update/Forces/Drag.uasset" 116
"../../Plugins/FX/Niagara/Content/Enums/ENiagaraMassByVolume.uasset" 117
"../../Plugins/FX/Niagara/Content/Modules/Update/Mass/CalculateSizeAndRotationalInertiaByMass.uasset" 118
"../../Plugins/FX/Niagara/Content/Modules/Update/Size/ScaleSpriteSizeBySpeed.uasset" 119
"../../Plugins/FX/Niagara/Content/Enums/ENiagaraSUbUVAnimationMode.uasset" 120
"../../Plugins/FX/Niagara/Content/Modules/Update/SubUV/SubUVAnimation.uasset" 121
"../../../../../../PG-R4/UE4project/Sugiyama_ActionGame/Content/Hack_And_Slash_FX/Meshes/SM_VFX_Slash_Radial_Half_1.uasset" 122
"../../../../../../PG-R4/UE4project/Sugiyama_ActionGame/Content/Hack_And_Slash_FX/VFX_Niagara/Slashes/NS_Fire_Slash.uasset" 123
"../../../../../../PG-R4/UE4project/Sugiyama_ActionGame/Content/Hack_And_Slash_FX/BP/SlashEffect.uasset" 124
"../../../Engine/Content/Animation/DefaultAnimBoneCompressionSettings.uasset" 125
"../../../../../../PG-R4/UE4project/Sugiyama_ActionGame/Content/Sword_And_Shield_Slash_Anim_mixamo_com.uasset" 126
"../../../../../../PG-R4/UE4project/Sugiyama_ActionGame/Content/ThirdPersonBP/Blueprints/BaseWeapon.uasset" 127
"../../../../../../PG-R4/UE4project/Sugiyama_ActionGame/Content/ThirdPersonBP/Blueprints/DamageNotify.uasset" 128
"../../../../../../PG-R4/UE4project/Sugiyama_ActionGame/Content/Sword_And_Shield_Slash_Anim_mixamo_com_Montage.uasset" 129
"../../../../../../PG-R4/UE4project/Sugiyama_ActionGame/Content/Weapon_Pack/Textures/Weapons/T_Weapon_Set1_BaseColor.uasset" 130
"../../../../../../PG-R4/UE4project/Sugiyama_ActionGame/Content/Weapon_Pack/Textures/Weapons/T_Weapon_Set1_Normal.uasset" 131
"../../../../../../PG-R4/UE4project/Sugiyama_ActionGame/Content/Weapon_Pack/Textures/Weapons/T_Weapon_Set1_OcclusionRoughnessMetallic.uasset" 132
"../../../../../../PG-R4/UE4project/Sugiyama_ActionGame/Content/Weapon_Pack/Materials/Weapons/M_WeaponSet_1.uasset" 133
"../../../../../../PG-R4/UE4project/Sugiyama_ActionGame/Content/Weapon_Pack/Mesh/Weapons/Weapons_Kit/SM_Sword.uasset" 134
"../../../../../../PG-R4/UE4project/Sugiyama_ActionGame/Content/ThirdPersonBP/Blueprints/BaseWeapon_Sword1.uasset" 135
"../../../Engine/Content/Functions/Engine_MaterialFunctions02/Utility/BlendAngleCorrectedNormals.uasset" 136
"../../../Engine/Content/Functions/MaterialLayerFunctions/MatLayerBlend_NormalBlend.uasset" 137
"../../../Engine/Content/Functions/MaterialLayerFunctions/MatLayerBlend_Simple.uasset" 138
"../../../../../../PG-R4/UE4project/Sugiyama_ActionGame/Content/Mannequin/Character/Materials/MaterialLayers/T_ML_Rubber_Blue_01_D.uasset" 139
"../../../../../../PG-R4/UE4project/Sugiyama_ActionGame/Content/Mannequin/Character/Materials/MaterialLayers/T_ML_Rubber_Blue_01_N.uasset" 140
"../../../../../../PG-R4/UE4project/Sugiyama_ActionGame/Content/Mannequin/Character/Materials/MaterialLayers/ML_GlossyBlack_Latex_UE4.uasset" 141
"../../../../../../PG-R4/UE4project/Sugiyama_ActionGame/Content/Mannequin/Character/Materials/MaterialLayers/ML_Plastic_Shiny_Beige.uasset" 142
"../../../../../../PG-R4/UE4project/Sugiyama_ActionGame/Content/Mannequin/Character/Textures/UE4_LOGO_CARD.uasset" 143
"../../../../../../PG-R4/UE4project/Sugiyama_ActionGame/Content/Mannequin/Character/Materials/MaterialLayers/ML_Plastic_Shiny_Beige_LOGO.uasset" 144
"../../../../../../PG-R4/UE4project/Sugiyama_ActionGame/Content/Mannequin/Character/Materials/MaterialLayers/T_ML_Aluminum01.uasset" 145
"../../../../../../PG-R4/UE4project/Sugiyama_ActionGame/Content/Mannequin/Character/Materials/MaterialLayers/T_ML_Aluminum01_N.uasset" 146
"../../../../../../PG-R4/UE4project/Sugiyama_ActionGame/Content/Mannequin/Character/Materials/MaterialLayers/ML_SoftMetal_UE4.uasset" 147
"../../../../../../PG-R4/UE4project/Sugiyama_ActionGame/Content/Mannequin/Character/Textures/UE4_Mannequin__normals.uasset" 148
"../../../../../../PG-R4/UE4project/Sugiyama_ActionGame/Content/Mannequin/Character/Textures/UE4_Mannequin_MAT_MASKA.uasset" 149
"../../../../../../PG-R4/UE4project/Sugiyama_ActionGame/Content/Mannequin/Character/Materials/M_UE4Man_Body.uasset" 150
"../../../../../../PG-R4/UE4project/Sugiyama_ActionGame/Content/Mannequin/Character/Textures/UE4Man_Logo_N.uasset" 151
"../../../../../../PG-R4/UE4project/Sugiyama_ActionGame/Content/Mannequin/Character/Materials/M_UE4Man_ChestLogo.uasset" 152
"../../../../../../PG-R4/UE4project/Sugiyama_ActionGame/Content/Mannequin/Character/Mesh/SK_Mannequin_PhysicsAsset.uasset" 153
"../../../../../../PG-R4/UE4project/Sugiyama_ActionGame/Content/Mannequin/Character/Mesh/SK_Mannequin.uasset" 154
"../../../../../../PG-R4/UE4project/Sugiyama_ActionGame/Content/ThirdPersonBP/Blueprints/ThirdPersonCharacter.uasset" 155
"../../../../../../PG-R4/UE4project/Sugiyama_ActionGame/Content/Mannequin/Animations/ThirdPerson_AnimBP.uasset" 156
"../../../../../../PG-R4/UE4project/Sugiyama_ActionGame/Content/Enemy/Effect/M_Trail.uasset" 157
"../../../../../../PG-R4/UE4project/Sugiyama_ActionGame/Content/Enemy/Effect/P_swordTrail.uasset" 158
"../../../../../../PG-R4/UE4project/Sugiyama_ActionGame/Content/Enemy_Sword_And_Shield_Slash_Anim_mixamo_com_Montage.uasset" 159
"../../../../../../PG-R4/UE4project/Sugiyama_ActionGame/Content/Enemy/BP/EnemyBrackboard.uasset" 160
"../../../../../../PG-R4/UE4project/Sugiyama_ActionGame/Content/Enemy/BP/EnemyBehaviorTree.uasset" 161
"../../../../../../PG-R4/UE4project/Sugiyama_ActionGame/Content/Enemy/BP/EnemyController_BP.uasset" 162
"../../../../../../PG-R4/UE4project/Sugiyama_ActionGame/Content/Enemy/BP/EnemySpawnSystem.uasset" 163
"../../../../../../PG-R4/UE4project/Sugiyama_ActionGame/Content/Enemy/BP/Enemy_BP.uasset" 164
"../../../../../../PG-R4/UE4project/Sugiyama_ActionGame/Content/Enemy/BP/BTT_Attack.uasset" 165
"../../../../../../PG-R4/UE4project/Sugiyama_ActionGame/Content/Enemy/BTT_Attack.uasset" 166
"../../../../../../PG-R4/UE4project/Sugiyama_ActionGame/Content/Enemy/EnemyBehaviorTree.uasset" 167
"../../../../../../PG-R4/UE4project/Sugiyama_ActionGame/Content/Enemy/EnemyBrackboard.uasset" 168
"../../../../../../PG-R4/UE4project/Sugiyama_ActionGame/Content/Enemy/Enemy_BP.uasset" 169
"../../../../../../PG-R4/UE4project/Sugiyama_ActionGame/Content/Enemy/EnemyController_BP.uasset" 170
"../../../../../../PG-R4/UE4project/Sugiyama_ActionGame/Content/Enemy/MyEnemyController.uasset" 171
"../../../../../../PG-R4/UE4project/Sugiyama_ActionGame/Content/Geometry/Meshes/CubeMaterial.uasset" 172
"../../../../../../PG-R4/UE4project/Sugiyama_ActionGame/Content/Geometry/Meshes/1M_Cube_Chamfer.uasset" 173
"../../../../../../PG-R4/UE4project/Sugiyama_ActionGame/Content/Mannequin/Animations/ThirdPersonJump_End.uasset" 174
"../../../../../../PG-R4/UE4project/Sugiyama_ActionGame/Content/SlashAnimation/Beta_HighLimbsGeoSG3.uasset" 175
"../../../../../../PG-R4/UE4project/Sugiyama_ActionGame/Content/SlashAnimation/Beta_Joints_MAT1.uasset" 176
"../../../../../../PG-R4/UE4project/Sugiyama_ActionGame/Content/SlashAnimation/Sword_And_Shield_Slash_PhysicsAsset.uasset" 177
"../../../../../../PG-R4/UE4project/Sugiyama_ActionGame/Content/SlashAnimation/Sword_And_Shield_Slash_Skeleton.uasset" 178
"../../../../../../PG-R4/UE4project/Sugiyama_ActionGame/Content/SlashAnimation/Sword_And_Shield_Slash.uasset" 179
"../../../../../../PG-R4/UE4project/Sugiyama_ActionGame/Content/SlashAnimation/Sword_And_Shield_Slash_Anim_mixamo_com.uasset" 180
"../../../../../../PG-R4/UE4project/Sugiyama_ActionGame/Content/SlashAnimation/Sword_And_Shield_Slash_Anim_Take_001.uasset" 181
"../../../../../../PG-R4/UE4project/Sugiyama_ActionGame/Content/StarterContent/Materials/M_Basic_Wall.uasset" 182
"../../../../../../PG-R4/UE4project/Sugiyama_ActionGame/Content/StarterContent/Architecture/Pillar_50x500.uasset" 183
"../../../../../../PG-R4/UE4project/Sugiyama_ActionGame/Content/StarterContent/Architecture/Wall_400x300.uasset" 184
"../../../../../../PG-R4/UE4project/Sugiyama_ActionGame/Content/StarterContent/Architecture/Wall_400x400.uasset" 185
"../../../../../../PG-R4/UE4project/Sugiyama_ActionGame/Content/StarterContent/Architecture/Wall_500x500.uasset" 186
"../../../../../../PG-R4/UE4project/Sugiyama_ActionGame/Content/StarterContent/Architecture/Wall_Door_400x400.uasset" 187
"../../../../../../PG-R4/UE4project/Sugiyama_ActionGame/Content/StarterContent/Architecture/Wall_Window_400x400.uasset" 188
"../../../../../../PG-R4/UE4project/Sugiyama_ActionGame/Content/StarterContent/Audio/Collapse01.uasset" 189
"../../../../../../PG-R4/UE4project/Sugiyama_ActionGame/Content/StarterContent/Audio/Collapse02.uasset" 190
"../../../../../../PG-R4/UE4project/Sugiyama_ActionGame/Content/StarterContent/Audio/Explosion01.uasset" 191
"../../../../../../PG-R4/UE4project/Sugiyama_ActionGame/Content/StarterContent/Audio/Explosion02.uasset" 192
"../../../../../../PG-R4/UE4project/Sugiyama_ActionGame/Content/StarterContent/Audio/Fire01.uasset" 193
"../../../../../../PG-R4/UE4project/Sugiyama_ActionGame/Content/StarterContent/Audio/Fire_Sparks01.uasset" 194
"../../../../../../PG-R4/UE4project/Sugiyama_ActionGame/Content/StarterContent/Audio/Light01.uasset" 195
"../../../../../../PG-R4/UE4project/Sugiyama_ActionGame/Content/StarterContent/Audio/Light01_Cue.uasset" 196
"../../../../../../PG-R4/UE4project/Sugiyama_ActionGame/Content/StarterContent/Audio/Light02.uasset" 197
"../../../../../../PG-R4/UE4project/Sugiyama_ActionGame/Content/StarterContent/Audio/Light02_Cue.uasset" 198
"../../../../../../PG-R4/UE4project/Sugiyama_ActionGame/Content/StarterContent/Audio/Smoke01.uasset" 199
"../../../../../../PG-R4/UE4project/Sugiyama_ActionGame/Content/StarterContent/Audio/Starter_Birds01.uasset" 200
"../../../../../../PG-R4/UE4project/Sugiyama_ActionGame/Content/StarterContent/Audio/Starter_Music01.uasset" 201
"../../../../../../PG-R4/UE4project/Sugiyama_ActionGame/Content/StarterContent/Audio/Starter_Wind05.uasset" 202
"../../../../../../PG-R4/UE4project/Sugiyama_ActionGame/Content/StarterContent/Audio/Starter_Wind06.uasset" 203
"../../../../../../PG-R4/UE4project/Sugiyama_ActionGame/Content/StarterContent/Audio/Steam01.uasset" 204
"../../../../../../PG-R4/UE4project/Sugiyama_ActionGame/Content/StarterContent/Audio/Explosion_Cue.uasset" 205
"../../../../../../PG-R4/UE4project/Sugiyama_ActionGame/Content/StarterContent/Textures/T_Burst_M.uasset" 206
"../../../../../../PG-R4/UE4project/Sugiyama_ActionGame/Content/StarterContent/Particles/Materials/M_Burst.uasset" 207
"../../../../../../PG-R4/UE4project/Sugiyama_ActionGame/Content/StarterContent/Textures/T_Explosion_SubUV.uasset" 208
"../../../../../../PG-R4/UE4project/Sugiyama_ActionGame/Content/StarterContent/Particles/Materials/M_explosion_subUV.uasset" 209
"../../../../../../PG-R4/UE4project/Sugiyama_ActionGame/Content/StarterContent/Particles/Materials/m_flare_01.uasset" 210
"../../../Engine/Content/Functions/Engine_MaterialFunctions01/Gradient/RadialGradient.uasset" 211
"../../../../../../PG-R4/UE4project/Sugiyama_ActionGame/Content/StarterContent/Particles/Materials/M_radial_ramp.uasset" 212
"../../../../../../PG-R4/UE4project/Sugiyama_ActionGame/Content/StarterContent/Textures/T_Smoke_SubUV.uasset" 213
"../../../../../../PG-R4/UE4project/Sugiyama_ActionGame/Content/StarterContent/Textures/T_Smoke_Tiled_D.uasset" 214
"../../../../../../PG-R4/UE4project/Sugiyama_ActionGame/Content/StarterContent/Particles/Materials/M_smoke_subUV.uasset" 215
"../../../../../../PG-R4/UE4project/Sugiyama_ActionGame/Content/StarterContent/Particles/P_Explosion.uasset" 216
"../../../../../../PG-R4/UE4project/Sugiyama_ActionGame/Content/StarterContent/Blueprints/Blueprint_Effect_Explosion.uasset" 217
"../../../Engine/Content/EditorMeshes/ColorCalibrator/T_ColorGrid.uasset" 218
"../../../../../../PG-R4/UE4project/Sugiyama_ActionGame/Content/StarterContent/Materials/M_ColorGrid_LowSpec.uasset" 219
"../../../../../../PG-R4/UE4project/Sugiyama_ActionGame/Content/StarterContent/Textures/T_Bush_D.uasset" 220
"../../../../../../PG-R4/UE4project/Sugiyama_ActionGame/Content/StarterContent/Textures/T_Bush_N.uasset" 221
"../../../../../../PG-R4/UE4project/Sugiyama_ActionGame/Content/StarterContent/Props/Materials/M_Bush.uasset" 222
"../../../../../../PG-R4/UE4project/Sugiyama_ActionGame/Content/StarterContent/Props/SM_Bush.uasset" 223
"../../../../../../PG-R4/UE4project/Sugiyama_ActionGame/Content/StarterContent/Textures/T_Chair_M.uasset" 224
"../../../../../../PG-R4/UE4project/Sugiyama_ActionGame/Content/StarterContent/Textures/T_Chair_N.uasset" 225
"../../../../../../PG-R4/UE4project/Sugiyama_ActionGame/Content/StarterContent/Props/Materials/M_Chair.uasset" 226
"../../../../../../PG-R4/UE4project/Sugiyama_ActionGame/Content/StarterContent/Props/SM_Couch.uasset" 227
"../../../../../../PG-R4/UE4project/Sugiyama_ActionGame/Content/StarterContent/Materials/M_Glass.uasset" 228
"../../../../../../PG-R4/UE4project/Sugiyama_ActionGame/Content/StarterContent/Textures/T_Door_M.uasset" 229
"../../../../../../PG-R4/UE4project/Sugiyama_ActionGame/Content/StarterContent/Textures/T_Door_N.uasset" 230
"../../../../../../PG-R4/UE4project/Sugiyama_ActionGame/Content/StarterContent/Props/Materials/M_Door.uasset" 231
"../../../../../../PG-R4/UE4project/Sugiyama_ActionGame/Content/StarterContent/Props/SM_Door.uasset" 232
"../../../../../../PG-R4/UE4project/Sugiyama_ActionGame/Content/StarterContent/Props/Materials/M_MaterialSphere.uasset" 233
"../../../../../../PG-R4/UE4project/Sugiyama_ActionGame/Content/StarterContent/Props/Materials/M_MaterialSphere_Plain.uasset" 234
"../../../../../../PG-R4/UE4project/Sugiyama_ActionGame/Content/StarterContent/Props/SM_MatPreviewMesh_02.uasset" 235
"../../../../../../PG-R4/UE4project/Sugiyama_ActionGame/Content/StarterContent/Textures/T_Detail_Rocky_N.uasset" 236
"../../../../../../PG-R4/UE4project/Sugiyama_ActionGame/Content/StarterContent/Textures/T_Rock_Basalt_D.uasset" 237
"../../../../../../PG-R4/UE4project/Sugiyama_ActionGame/Content/StarterContent/Textures/T_RockMesh_M.uasset" 238
"../../../../../../PG-R4/UE4project/Sugiyama_ActionGame/Content/StarterContent/Textures/T_RockMesh_N.uasset" 239
"../../../../../../PG-R4/UE4project/Sugiyama_ActionGame/Content/StarterContent/Props/Materials/M_Rock.uasset" 240
"../../../../../../PG-R4/UE4project/Sugiyama_ActionGame/Content/StarterContent/Props/SM_Rock.uasset" 241
"../../../../../../PG-R4/UE4project/Sugiyama_ActionGame/Content/StarterContent/Textures/T_Shelf_M.uasset" 242
"../../../../../../PG-R4/UE4project/Sugiyama_ActionGame/Content/StarterContent/Textures/T_Shelf_N.uasset" 243
"../../../../../../PG-R4/UE4project/Sugiyama_ActionGame/Content/StarterContent/Props/Materials/M_Shelf.uasset" 244
"../../../../../../PG-R4/UE4project/Sugiyama_ActionGame/Content/StarterContent/Props/SM_Shelf.uasset" 245
"../../../../../../PG-R4/UE4project/Sugiyama_ActionGame/Content/StarterContent/Materials/M_Basic_Floor.uasset" 246
"../../../../../../PG-R4/UE4project/Sugiyama_ActionGame/Content/StarterContent/Props/SM_Stairs.uasset" 247
"../../../../../../PG-R4/UE4project/Sugiyama_ActionGame/Content/StarterContent/Shapes/Shape_Cone.uasset" 248
"../../../../../../PG-R4/UE4project/Sugiyama_ActionGame/Content/StarterContent/Shapes/Shape_Cylinder.uasset" 249
"../../../../../../PG-R4/UE4project/Sugiyama_ActionGame/Content/StarterContent/Shapes/Shape_NarrowCapsule.uasset" 250
"../../../../../../PG-R4/UE4project/Sugiyama_ActionGame/Content/StarterContent/Shapes/Shape_Pipe.uasset" 251
"../../../../../../PG-R4/UE4project/Sugiyama_ActionGame/Content/StarterContent/Shapes/Shape_Pipe_180.uasset" 252
"../../../../../../PG-R4/UE4project/Sugiyama_ActionGame/Content/StarterContent/Shapes/Shape_Pipe_90.uasset" 253
"../../../../../../PG-R4/UE4project/Sugiyama_ActionGame/Content/StarterContent/Shapes/Shape_Plane.uasset" 254
"../../../../../../PG-R4/UE4project/Sugiyama_ActionGame/Content/StarterContent/Shapes/Shape_Torus.uasset" 255
"../../../../../../PG-R4/UE4project/Sugiyama_ActionGame/Content/StarterContent/Shapes/Shape_Trim.uasset" 256
"../../../../../../PG-R4/UE4project/Sugiyama_ActionGame/Content/StarterContent/Shapes/Shape_Trim_90_In.uasset" 257
"../../../../../../PG-R4/UE4project/Sugiyama_ActionGame/Content/StarterContent/Shapes/Shape_Trim_90_Out.uasset" 258
"../../../../../../PG-R4/UE4project/Sugiyama_ActionGame/Content/StarterContent/Shapes/Shape_TriPyramid.uasset" 259
"../../../../../../PG-R4/UE4project/Sugiyama_ActionGame/Content/StarterContent/Shapes/Shape_Tube.uasset" 260
"../../../../../../PG-R4/UE4project/Sugiyama_ActionGame/Content/StarterContent/Shapes/Shape_Wedge_A.uasset" 261
"../../../../../../PG-R4/UE4project/Sugiyama_ActionGame/Content/StarterContent/Shapes/Shape_Wedge_B.uasset" 262
"../../../../../../PG-R4/UE4project/Sugiyama_ActionGame/Content/StarterContent/Shapes/Shape_WideCapsule.uasset" 263
"../../../../../../PG-R4/UE4project/Sugiyama_ActionGame/Content/ThirdPerson/Meshes/RampMaterial.uasset" 264
"../../../../../../PG-R4/UE4project/Sugiyama_ActionGame/Content/ThirdPerson/Meshes/Bump_StaticMesh.uasset" 265
"../../../../../../PG-R4/UE4project/Sugiyama_ActionGame/Content/ThirdPerson/Meshes/LeftArm_StaticMesh.uasset" 266
"../../../../../../PG-R4/UE4project/Sugiyama_ActionGame/Content/ThirdPerson/Meshes/Linear_Stair_StaticMesh.uasset" 267
"../../../../../../PG-R4/UE4project/Sugiyama_ActionGame/Content/ThirdPerson/Meshes/Ramp_StaticMesh.uasset" 268
"../../../../../../PG-R4/UE4project/Sugiyama_ActionGame/Content/ThirdPerson/Meshes/RightArm_StaticMesh.uasset" 269
"../../../../../../PG-R4/UE4project/Sugiyama_ActionGame/Content/ThirdPersonBP/ThirdPersonOverview.uasset" 270
"../../../../../../PG-R4/UE4project/Sugiyama_ActionGame/Content/ThirdPersonBP/Blueprints/ThirdPersonGameMode.uasset" 271
"../../../../../../PG-R4/UE4project/Sugiyama_ActionGame/Content/Weapon_Pack/Textures/Weapons/T_Dirty_Weapon_Set1_BaseColor.uasset" 272
"../../../../../../PG-R4/UE4project/Sugiyama_ActionGame/Content/Weapon_Pack/Textures/Weapons/T_Dirty_Weapon_Set1_Normal.uasset" 273
"../../../../../../PG-R4/UE4project/Sugiyama_ActionGame/Content/Weapon_Pack/Textures/Weapons/T_Dirty_Weapon_Set1_OcclusionRoughnessMetallic.uasset" 274
"../../../../../../PG-R4/UE4project/Sugiyama_ActionGame/Content/Weapon_Pack/Materials/Weapons/M_WeaponSet_1Dirty.uasset" 275
"../../../../../../PG-R4/UE4project/Sugiyama_ActionGame/Content/Weapon_Pack/Textures/Weapons/T_Dirty_Weapon_Set2_BaseColor.uasset" 276
"../../../../../../PG-R4/UE4project/Sugiyama_ActionGame/Content/Weapon_Pack/Textures/Weapons/T_Dirty_Weapon_Set2_Normal.uasset" 277
"../../../../../../PG-R4/UE4project/Sugiyama_ActionGame/Content/Weapon_Pack/Textures/Weapons/T_Dirty_Weapon_Set2_OcclusionRoughnessMetallic.uasset" 278
"../../../../../../PG-R4/UE4project/Sugiyama_ActionGame/Content/Weapon_Pack/Materials/Weapons/M_WeaponSet_2Dirty.uasset" 279
"../../../../../../PG-R4/UE4project/Sugiyama_ActionGame/Content/Weapon_Pack/Textures/Props/Interior/T_Prop_Set3_BaseColor.uasset" 280
"../../../../../../PG-R4/UE4project/Sugiyama_ActionGame/Content/Weapon_Pack/Textures/Props/Interior/T_Prop_Set3_Normal.uasset" 281
"../../../../../../PG-R4/UE4project/Sugiyama_ActionGame/Content/Weapon_Pack/Textures/Props/Interior/T_Prop_Set3_OcclusionRoughnessMetallic.uasset" 282
"../../../../../../PG-R4/UE4project/Sugiyama_ActionGame/Content/Weapon_Pack/Materials/Props/Interior/M_Props3.uasset" 283
"../../../../../../PG-R4/UE4project/Sugiyama_ActionGame/Content/Weapon_Pack/Mesh/Props/Interior/SM_Bowl.uasset" 284
"../../../../../../PG-R4/UE4project/Sugiyama_ActionGame/Content/Weapon_Pack/Textures/Weapons/T_Weapon_Set2_BaseColor.uasset" 285
"../../../../../../PG-R4/UE4project/Sugiyama_ActionGame/Content/Weapon_Pack/Textures/Weapons/T_Weapon_Set2_Normal.uasset" 286
"../../../../../../PG-R4/UE4project/Sugiyama_ActionGame/Content/Weapon_Pack/Textures/Weapons/T_Weapon_Set2_OcclusionRoughnessMetallic.uasset" 287
"../../../../../../PG-R4/UE4project/Sugiyama_ActionGame/Content/Weapon_Pack/Materials/Weapons/M_WeaponSet_2.uasset" 288
"../../../../../../PG-R4/UE4project/Sugiyama_ActionGame/Content/Weapon_Pack/Skeletal_Mesh/SK_Axe_PhysicsAsset.uasset" 289
"../../../../../../PG-R4/UE4project/Sugiyama_ActionGame/Content/Weapon_Pack/Skeletal_Mesh/SK_Axe_Skeleton.uasset" 290
"../../../../../../PG-R4/UE4project/Sugiyama_ActionGame/Content/Weapon_Pack/Skeletal_Mesh/SK_Axe.uasset" 291
"../../../../../../PG-R4/UE4project/Sugiyama_ActionGame/Content/Weapon_Pack/Skeletal_Mesh/SK_Dagger_1_PhysicsAsset.uasset" 292
"../../../../../../PG-R4/UE4project/Sugiyama_ActionGame/Content/Weapon_Pack/Skeletal_Mesh/SK_Dagger_1_Skeleton.uasset" 293
"../../../../../../PG-R4/UE4project/Sugiyama_ActionGame/Content/Weapon_Pack/Skeletal_Mesh/SK_Dagger_1.uasset" 294
"../../../../../../PG-R4/UE4project/Sugiyama_ActionGame/Content/Weapon_Pack/Skeletal_Mesh/SK_Dagger_2_PhysicsAsset.uasset" 295
"../../../../../../PG-R4/UE4project/Sugiyama_ActionGame/Content/Weapon_Pack/Skeletal_Mesh/SK_Dagger_2_Skeleton.uasset" 296
"../../../../../../PG-R4/UE4project/Sugiyama_ActionGame/Content/Weapon_Pack/Skeletal_Mesh/SK_Dagger_2.uasset" 297
"../../../../../../PG-R4/UE4project/Sugiyama_ActionGame/Content/Weapon_Pack/Skeletal_Mesh/SK_GreatAxe_PhysicsAsset.uasset" 298
"../../../../../../PG-R4/UE4project/Sugiyama_ActionGame/Content/Weapon_Pack/Skeletal_Mesh/SK_GreatAxe_Skeleton.uasset" 299
"../../../../../../PG-R4/UE4project/Sugiyama_ActionGame/Content/Weapon_Pack/Skeletal_Mesh/SK_GreatAxe.uasset" 300
"../../../../../../PG-R4/UE4project/Sugiyama_ActionGame/Content/Weapon_Pack/Skeletal_Mesh/SK_GreatHammer_PhysicsAsset.uasset" 301
"../../../../../../PG-R4/UE4project/Sugiyama_ActionGame/Content/Weapon_Pack/Skeletal_Mesh/SK_GreatHammer_Skeleton.uasset" 302
"../../../../../../PG-R4/UE4project/Sugiyama_ActionGame/Content/Weapon_Pack/Skeletal_Mesh/SK_GreatHammer.uasset" 303
"../../../../../../PG-R4/UE4project/Sugiyama_ActionGame/Content/Weapon_Pack/Skeletal_Mesh/SK_H2H_PhysicsAsset.uasset" 304
"../../../../../../PG-R4/UE4project/Sugiyama_ActionGame/Content/Weapon_Pack/Skeletal_Mesh/SK_H2H_Skeleton.uasset" 305
"../../../../../../PG-R4/UE4project/Sugiyama_ActionGame/Content/Weapon_Pack/Skeletal_Mesh/SK_H2H.uasset" 306
"../../../../../../PG-R4/UE4project/Sugiyama_ActionGame/Content/Weapon_Pack/Skeletal_Mesh/SK_Mace_PhysicsAsset.uasset" 307
"../../../../../../PG-R4/UE4project/Sugiyama_ActionGame/Content/Weapon_Pack/Skeletal_Mesh/SK_Mace_Skeleton.uasset" 308
"../../../../../../PG-R4/UE4project/Sugiyama_ActionGame/Content/Weapon_Pack/Skeletal_Mesh/SK_Mace.uasset" 309
"../../../../../../PG-R4/UE4project/Sugiyama_ActionGame/Content/Weapon_Pack/Skeletal_Mesh/SK_Shield_PhysicsAsset.uasset" 310
"../../../../../../PG-R4/UE4project/Sugiyama_ActionGame/Content/Weapon_Pack/Skeletal_Mesh/SK_Shield_Skeleton.uasset" 311
"../../../../../../PG-R4/UE4project/Sugiyama_ActionGame/Content/Weapon_Pack/Skeletal_Mesh/SK_Shield.uasset" 312
"../../../../../../PG-R4/UE4project/Sugiyama_ActionGame/Content/Weapon_Pack/Skeletal_Mesh/SK_Sickle_PhysicsAsset.uasset" 313
"../../../../../../PG-R4/UE4project/Sugiyama_ActionGame/Content/Weapon_Pack/Skeletal_Mesh/SK_Sickle_Skeleton.uasset" 314
"../../../../../../PG-R4/UE4project/Sugiyama_ActionGame/Content/Weapon_Pack/Skeletal_Mesh/SK_Sickle.uasset" 315
"../../../../../../PG-R4/UE4project/Sugiyama_ActionGame/Content/Weapon_Pack/Skeletal_Mesh/SK_Spear_PhysicsAsset.uasset" 316
"../../../../../../PG-R4/UE4project/Sugiyama_ActionGame/Content/Weapon_Pack/Skeletal_Mesh/SK_Spear_Skeleton.uasset" 317
"../../../../../../PG-R4/UE4project/Sugiyama_ActionGame/Content/Weapon_Pack/Skeletal_Mesh/SK_Spear.uasset" 318
"../../../../../../PG-R4/UE4project/Sugiyama_ActionGame/Content/Weapon_Pack/Skeletal_Mesh/SK_Sword_PhysicsAsset.uasset" 319
"../../../../../../PG-R4/UE4project/Sugiyama_ActionGame/Content/Weapon_Pack/Skeletal_Mesh/SK_Sword_Skeleton.uasset" 320
"../../../../../../PG-R4/UE4project/Sugiyama_ActionGame/Content/Weapon_Pack/Skeletal_Mesh/SK_Sword.uasset" 321
"../../../../../../PG-R4/UE4project/Sugiyama_ActionGame/Content/Weapon_Pack/Skeletal_Mesh/SK_Throwing_PhysicsAsset.uasset" 322
"../../../../../../PG-R4/UE4project/Sugiyama_ActionGame/Content/Weapon_Pack/Skeletal_Mesh/SK_Throwing_Skeleton.uasset" 323
"../../../../../../PG-R4/UE4project/Sugiyama_ActionGame/Content/Weapon_Pack/Skeletal_Mesh/SK_Throwing.uasset" 324
"../../../Engine/Content/Animation/DefaultAnimCurveCompressionSettings.uasset" 325
"../../../Engine/Content/Functions/Engine_MaterialFunctions01/Opacity/CameraDepthFade.uasset" 326
"../../../Engine/Content/EngineMaterials/T_Default_Material_Grid_M.uasset" 327
"../../../Engine/Content/EngineMaterials/T_Default_Material_Grid_N.uasset" 328
"../../../Engine/Content/EngineMaterials/WorldGridMaterial.uasset" 329
"../../../Engine/Content/ArtTools/RenderToTexture/Meshes/S_1_Unit_Plane.uasset" 330
"../../../Engine/Content/EngineMaterials/DefaultMaterial.uasset" 331
"../../../Engine/Content/BasicShapes/Cone.uasset" 332
"../../../Engine/Content/BasicShapes/Cylinder.uasset" 333
"../../../Engine/Content/BasicShapes/Sphere.uasset" 334
"../../../Engine/Content/EditorLandscapeResources/DataLayer.uasset" 335
"../../../Engine/Content/EditorMaterials/MAT_Groups_Toggle.uasset" 336
"../../../Engine/Content/EditorMaterials/MAT_Groups_Visibility.uasset" 337
"../../../Engine/Content/EditorMaterials/PreviewShadowIndicator.uasset" 338
"../../../Engine/Content/EditorMaterials/PreviewShadowIndicatorMaterial.uasset" 339
"../../../Engine/Content/EditorMaterials/MatineeGroups/MAT_ColorTrack.uasset" 340
"../../../Engine/Content/EditorMaterials/MatineeGroups/MAT_Groups_Anim.uasset" 341
"../../../Engine/Content/EditorMaterials/MatineeGroups/MAT_Groups_AudioMaster.uasset" 342
"../../../Engine/Content/EditorMaterials/MatineeGroups/MAT_Groups_Director.uasset" 343
"../../../Engine/Content/EditorMaterials/MatineeGroups/MAT_Groups_Event.uasset" 344
"../../../Engine/Content/EditorMaterials/MatineeGroups/MAT_Groups_Fade.uasset" 345
"../../../Engine/Content/EditorMaterials/MatineeGroups/MAT_Groups_Float.uasset" 346
"../../../Engine/Content/EditorMaterials/MatineeGroups/MAT_Groups_Move.uasset" 347
"../../../Engine/Content/EditorMaterials/MatineeGroups/MAT_Groups_Slomo.uasset" 348
"../../../Engine/Content/EditorMaterials/MatineeGroups/MAT_Groups_Sound.uasset" 349
"../../../Engine/Content/EditorMaterials/MatineeGroups/MAT_Groups_Vector.uasset" 350
"../../../Engine/Content/EditorMaterials/ParticleSystems/PSysThumbnail_NoImage.uasset" 351
"../../../Engine/Content/EditorMaterials/ParticleSystems/PSysThumbnail_OOD.uasset" 352
"../../../Engine/Content/EditorMaterials/Camera/CineMat.uasset" 353
"../../../Engine/Content/EditorMaterials/Camera/MI_CineMat_Rig.uasset" 354
"../../../Engine/Content/EditorMeshes/Camera/SM_CraneRig_Arm.uasset" 355
"../../../Engine/Content/EditorMeshes/Camera/SM_CraneRig_Base.uasset" 356
"../../../Engine/Content/EditorMeshes/Camera/SM_CraneRig_Body.uasset" 357
"../../../Engine/Content/EditorMeshes/Camera/SM_CraneRig_Mount.uasset" 358
"../../../Engine/Content/EditorMeshes/Camera/SM_RailRig_Mount.uasset" 359
"../../../Engine/Content/EditorMeshes/Camera/SM_RailRig_Track.uasset" 360
"../../../Engine/Content/EditorResources/BSPVertex.uasset" 361
"../../../Engine/Content/EditorResources/EmptyActor.uasset" 362
"../../../Engine/Content/EditorResources/S_Actor.uasset" 363
"../../../Engine/Content/EditorResources/S_Note.uasset" 364
"../../../Engine/Content/EditorResources/S_Solver.uasset" 365
"../../../Engine/Content/EditorResources/S_Trigger.uasset" 366
"../../../Engine/Content/EditorResources/AudioIcons/S_AudioComponent.uasset" 367
"../../../Engine/Content/EditorResources/AudioIcons/S_AudioComponent_AutoActivate.uasset" 368
"../../../Engine/Content/EditorResources/LightIcons/S_LightError.uasset" 369
"../../../Engine/Content/EditorResources/SequenceRecorder/Countdown.uasset" 370
"../../../Engine/Content/EditorResources/SequenceRecorder/RecordingIndicator.uasset" 371
"../../../Engine/Content/EditorSounds/Notifications/CompileFailed.uasset" 372
"../../../Engine/Content/EditorSounds/Notifications/CompileFailed_Cue.uasset" 373
"../../../Engine/Content/EditorSounds/Notifications/CompileSuccess.uasset" 374
"../../../Engine/Content/EditorSounds/Notifications/CompileStart_Cue.uasset" 375
"../../../Engine/Content/EditorSounds/Notifications/CompileSuccess_Cue.uasset" 376
"../../../Engine/Content/EngineDamageTypes/DmgTypeBP_Environmental.uasset" 377
"../../../Engine/Content/EngineDebugMaterials/DebugEditorMaterial.uasset" 378
"../../../Engine/Content/EngineDebugMaterials/DebugMeshMaterial.uasset" 379
"../../../Engine/Content/EngineDebugMaterials/M_SimpleUnlitTranslucent.uasset" 380
"../../../Engine/Content/Functions/Engine_MaterialFunctions02/Utility/CameraDirectionVector.uasset" 381
"../../../Engine/Content/EngineDebugMaterials/VolumeToRender.uasset" 382
"../../../Engine/Content/EngineDebugMaterials/M_VolumeRenderSphereTracePP.uasset" 383
"../../../Engine/Content/EngineDebugMaterials/WireframeMaterial.uasset" 384
"../../../Engine/Content/EngineFonts/Faces/DroidSansFallback.uasset" 385
"../../../Engine/Content/EngineFonts/Faces/RobotoBold.uasset" 386
"../../../Engine/Content/EngineFonts/Faces/RobotoBoldItalic.uasset" 387
"../../../Engine/Content/EngineFonts/Faces/RobotoItalic.uasset" 388
"../../../Engine/Content/EngineFonts/Faces/RobotoLight.uasset" 389
"../../../Engine/Content/EngineFonts/Faces/RobotoRegular.uasset" 390
"../../../Engine/Content/EngineFonts/Roboto.uasset" 391
"../../../Engine/Content/EngineMaterials/BaseFlattenDiffuseMap.uasset" 392
"../../../Engine/Content/EngineMaterials/BaseFlattenEmissiveMap.uasset" 393
"../../../Engine/Content/EngineMaterials/BaseFlattenGrayscaleMap.uasset" 394
"../../../Engine/Content/EngineMaterials/BaseFlattenNormalMap.uasset" 395
"../../../Engine/Content/EngineMaterials/BaseFlattenMaterial.uasset" 396
"../../../Engine/Content/EngineMaterials/BlueNoise.uasset" 397
"../../../Engine/Content/EngineMaterials/DefaultBloomKernel.uasset" 398
"../../../Engine/Content/EngineMaterials/DefaultBokeh.uasset" 399
"../../../Engine/Content/EngineMaterials/DefaultDiffuse.uasset" 400
"../../../Engine/Content/EngineMaterials/DefaultDeferredDecalMaterial.uasset" 401
"../../../Engine/Content/EngineMaterials/DefaultLightFunctionMaterial.uasset" 402
"../../../Engine/Content/EngineMaterials/DefaultPhysicalMaterial.uasset" 403
"../../../Engine/Content/Functions/Engine_MaterialFunctions02/Utility/BreakOutFloat2Components.uasset" 404
"../../../Engine/Content/EngineMaterials/DefaultPostProcessMaterial.uasset" 405
"../../../Engine/Content/EngineFonts/RobotoDistanceField.uasset" 406
"../../../Engine/Content/EngineMaterials/DefaultTextMaterialOpaque.uasset" 407
"../../../Engine/Content/EngineMaterials/DefaultWhiteGrid.uasset" 408
"../../../Engine/Content/EngineMaterials/DefaultWhiteGrid_Low.uasset" 409
"../../../Engine/Content/EngineMaterials/EmissiveMeshMaterial.uasset" 410
"../../../Engine/Content/EngineMaterials/GizmoMaterial.uasset" 411
"../../../Engine/Content/EngineMaterials/Good64x64TilingNoiseHighFreq.uasset" 412
"../../../Engine/Content/EngineMaterials/MiniFont.uasset" 413
"../../../Engine/Content/EngineMaterials/InvalidLightmapSettings.uasset" 414
"../../../Engine/Content/EngineMaterials/M_InvalidLightmapSettings.uasset" 415
"../../../Engine/Content/Functions/Engine_MaterialFunctions02/WorldPositionOffset/CameraOffset.uasset" 416
"../../../Engine/Content/EngineMaterials/PhAT_JointLimitMaterial.uasset" 417
"../../../Engine/Content/EngineMaterials/PreintegratedSkinBRDF.uasset" 418
"../../../Engine/Content/EngineMaterials/RemoveSurfaceMaterial.uasset" 419
"../../../Engine/Content/EngineMaterials/WeightMapPlaceholderTexture.uasset" 420
"../../../Engine/Content/EngineResources/WhiteSquareTexture.uasset" 421
"../../../Engine/Content/EngineMaterials/Widget3DPassThrough.uasset" 422
"../../../Engine/Content/EngineMaterials/Widget3DPassThrough_Masked.uasset" 423
"../../../Engine/Content/EngineMaterials/Widget3DPassThrough_Opaque.uasset" 424
"../../../Engine/Content/EngineMaterials/Widget3DPassThrough_Masked_OneSided.uasset" 425
"../../../Engine/Content/EngineMaterials/Widget3DPassThrough_Opaque_OneSided.uasset" 426
"../../../Engine/Content/EngineMaterials/Widget3DPassThrough_Translucent.uasset" 427
"../../../Engine/Content/EngineMaterials/Widget3DPassThrough_Translucent_OneSided.uasset" 428
"../../../Engine/Content/EngineMeshes/Cylinder.uasset" 429
"../../../Engine/Content/EngineMeshes/Sphere.uasset" 430
"../../../Engine/Content/EngineResources/Black.uasset" 431
"../../../Engine/Content/EngineResources/DefaultTexture.uasset" 432
"../../../Engine/Content/EngineResources/DefaultTextureCube.uasset" 433
"../../../Engine/Content/EngineResources/DefaultVolumeTexture2D.uasset" 434
"../../../Engine/Content/EngineResources/DefaultVolumeTexture.uasset" 435
"../../../Engine/Content/EngineResources/GradientTexture0.uasset" 436
"../../../Engine/Content/EngineSounds/Master.uasset" 437
"../../../Engine/Content/Functions/Engine_MaterialFunctions01/Shading/ConvertFromDiffSpec.uasset" 438
"../../../Engine/Content/Functions/Engine_MaterialFunctions01/Shading/PowerToRoughness.uasset" 439
"../../../Engine/Content/Maps/Templates/Thumbnails/Default.uasset" 440
"../../../Engine/Content/Maps/Templates/Thumbnails/TimeOfDay.uasset" 441
"../../../Engine/Content/Maps/Templates/Thumbnails/VR-Basic.uasset" 442
"../../../Engine/Content/MobileResources/T_MobileControls_texture.uasset" 443
"../../../Engine/Content/MobileResources/T_MobileMenu2.uasset" 444
"../../../Engine/Content/MobileResources/HUD/AnalogHat.uasset" 445
"../../../Engine/Content/MobileResources/HUD/VirtualJoystick_Background.uasset" 446
"../../../Engine/Content/MobileResources/HUD/VirtualJoystick_Thumb.uasset" 447
"../../../Engine/Content/MobileResources/HUD/DefaultVirtualJoysticks.uasset" 448
"../../../Engine/Content/MobileResources/HUD/LeftVirtualJoystickOnly.uasset" 449
"../../../Engine/Content/MobileResources/HUD/MobileHUDButton1_off.uasset" 450
"../../../Engine/Content/MobileResources/HUD/MobileHUDButton1_on.uasset" 451
"../../../Engine/Content/MobileResources/HUD/MobileHUDButton2_off.uasset" 452
"../../../Engine/Content/MobileResources/HUD/MobileHUDButton2_on.uasset" 453
"../../../Engine/Content/MobileResources/HUD/MobileHUDButton3.uasset" 454
"../../../Engine/Content/MobileResources/HUD/MobileHUDButtonFire.uasset" 455
"../../../Engine/Content/MobileResources/HUD/MobileHUDDirectionPad.uasset" 456
"../../../Engine/Content/MobileResources/HUD/MobileHUDDirectionPad2.uasset" 457
"../../../Engine/Content/MobileResources/HUD/MobileHUDDirectionPad3.uasset" 458
"../../../Engine/Content/MobileResources/HUD/MobileHUDDirectionStick.uasset" 459
"../../../Engine/Content/MobileResources/HUD/T_Castle_ThumbstickInner.uasset" 460
"../../../Engine/Content/MobileResources/HUD/T_Castle_ThumbstickOutter.uasset" 461
"../../../Engine/Content/Tutorial/ContentIntroCurve.uasset" 462
"../../../Engine/Content/Tutorial/Basics/LevelEditorAttract.uasset" 463
"../../../Engine/Content/VREditor/LaserPointer/VR_LaserPower_01.uasset" 464
"../../../Engine/Content/VREditor/TransformGizmo/TransformGizmoMaterial.uasset" 465
"../../../Engine/Content/VREditor/TransformGizmo/TranslucentTransformGizmoMaterial.uasset" 466
"../../../Engine/Content/VREditor/TransformGizmo/BoundingBoxCorner.uasset" 467
"../../../Engine/Content/VREditor/TransformGizmo/BoundingBoxEdge.uasset" 468
"../../../Engine/Content/VREditor/TransformGizmo/PlaneTranslationHandle.uasset" 469
"../../../Engine/Content/VREditor/TransformGizmo/Main.uasset" 470
"../../../Engine/Content/VREditor/TransformGizmo/Xray.uasset" 471
"../../../Engine/Content/VREditor/TransformGizmo/SM_Sequencer_Key.uasset" 472
"../../../Engine/Content/VREditor/TransformGizmo/SM_Sequencer_Node.uasset" 473
"../../Plugins/2D/Paper2D/Content/PlaceholderTextures/DummySpriteTexture.uasset" 474
"../../Plugins/2D/Paper2D/Content/DummySprite.uasset" 475
"../../Plugins/2D/Paper2D/Content/DefaultPaperTerrainMaterial.uasset" 476
"../../Plugins/2D/Paper2D/Content/DefaultSpriteMaterial.uasset" 477
"../../Plugins/2D/Paper2D/Content/MaskedUnlitSpriteMaterial.uasset" 478
"../../Plugins/2D/Paper2D/Content/OpaqueUnlitSpriteMaterial.uasset" 479
"../../Plugins/FX/Niagara/Content/Enums/ENiagaraBooleanLogicOps.uasset" 480
"../../Plugins/FX/Niagara/Content/Enums/ENiagaraOrientationAxis.uasset" 481
"../../../Engine/Content/Functions/Engine_MaterialFunctions02/Utility/BreakOutFloat4Components.uasset" 482
"../../../Engine/Content/Functions/Engine_MaterialFunctions02/Utility/MakeFloat2.uasset" 483
"../../../Engine/Content/Functions/Engine_MaterialFunctions02/Utility/MakeFloat3.uasset" 484
"../../Plugins/Runtime/Oculus/OculusVR/Content/Materials/OculusMR_ChromaKey.uasset" 485
"../../Plugins/Runtime/Oculus/OculusVR/Content/Materials/OculusMR_ChromaKey_Lit.uasset" 486
"../../Plugins/Runtime/Oculus/OculusVR/Content/Materials/OculusMR_OpaqueColoredMaterial.uasset" 487
"../../Plugins/Runtime/Oculus/OculusVR/Content/Materials/OculusMR_WhiteMaterial.uasset" 488
"../../../../../../PG-R4/UE4project/Sugiyama_ActionGame/Content/StarterContent/Blueprints/Assets/FogBrightnessLUT.uasset" 489
"../../../../../../PG-R4/UE4project/Sugiyama_ActionGame/Content/StarterContent/Blueprints/Assets/SunlightColorLUT.uasset" 490
"../../../../../../PG-R4/UE4project/Sugiyama_ActionGame/Content/StarterContent/Blueprints/Assets/M_LightStage_Arrows.uasset" 491
"../../../Engine/Content/MapTemplates/Sky/DaylightAmbientCubemap.uasset" 492
"../../../../../../PG-R4/UE4project/Sugiyama_ActionGame/Content/StarterContent/Blueprints/Assets/M_LightStage_Skybox_Master.uasset" 493
"../../../../../../PG-R4/UE4project/Sugiyama_ActionGame/Content/StarterContent/Blueprints/Assets/M_LightStage_Skybox_Black.uasset" 494
"../../../../../../PG-R4/UE4project/Sugiyama_ActionGame/Content/StarterContent/Blueprints/Assets/M_LightStage_Skybox_HDRI.uasset" 495
"../../../Engine/Content/EditorMaterials/Thumbnails/SkySphereMaterial.uasset" 496
"../../../../../../PG-R4/UE4project/Sugiyama_ActionGame/Content/StarterContent/Blueprints/Assets/Skybox.uasset" 497
"../../../../../../PG-R4/UE4project/Sugiyama_ActionGame/Content/StarterContent/Blueprints/Assets/SM_Arrows.uasset" 498
"../../../../../../PG-R4/UE4project/Sugiyama_ActionGame/Content/StarterContent/HDRI/HDRI_Epic_Courtyard_Daylight.uasset" 499
"../../../../../../PG-R4/UE4project/Sugiyama_ActionGame/Content/StarterContent/Blueprints/BP_LightStudio.uasset" 500
"../../../../../../PG-R4/UE4project/Sugiyama_ActionGame/Content/StarterContent/Maps/Advanced_Lighting_BuiltData.uasset" 501
"../../../../../../PG-R4/UE4project/Sugiyama_ActionGame/Content/StarterContent/Materials/M_AssetPlatform.uasset" 502
"../../../Engine/Content/EditorMeshes/ColorCalibrator/M_ChromeBall.uasset" 503
"../../../Engine/Content/EditorMeshes/ColorCalibrator/M_ClearCoat.uasset" 504
"../../../Engine/Content/EditorMeshes/ColorCalibrator/M_ClearCoatBlack.uasset" 505
"../../../Engine/Content/EditorMeshes/ColorCalibrator/Color_checker.uasset" 506
"../../../Engine/Content/EditorMeshes/ColorCalibrator/M_ColorGrid.uasset" 507
"../../../Engine/Content/EditorMeshes/ColorCalibrator/M_GreyBall.uasset" 508
"../../../Engine/Content/EditorMeshes/ColorCalibrator/SM_ColorCalibrator.uasset" 509
"../../../../../../PG-R4/UE4project/Sugiyama_ActionGame/Content/StarterContent/Architecture/SM_AssetPlatform.uasset" 510
"../../../../../../PG-R4/UE4project/Sugiyama_ActionGame/Content/StarterContent/Maps/Advanced_Lighting.umap" 511
"../../../Engine/Content/EngineSky/C_Sky_Cloud_Color.uasset" 512
"../../../Engine/Content/EngineSky/C_Sky_Horizon_Color.uasset" 513
"../../../Engine/Content/EngineSky/C_Sky_Zenith_Color.uasset" 514
"../../../Engine/Content/EngineSky/T_Sky_Blue.uasset" 515
"../../../Engine/Content/EngineSky/T_Sky_Clouds_M.uasset" 516
"../../../Engine/Content/EngineSky/T_Sky_Stars.uasset" 517
"../../../Engine/Content/EngineSky/M_Sky_Panning_Clouds2.uasset" 518
"../../../Engine/Content/EngineSky/SM_SkySphere.uasset" 519
"../../../Engine/Content/EngineSky/BP_Sky_Sphere.uasset" 520
"../../../../../../PG-R4/UE4project/Sugiyama_ActionGame/Content/StarterContent/Maps/Minimal_Default_BuiltData.uasset" 521
"../../../../../../PG-R4/UE4project/Sugiyama_ActionGame/Content/StarterContent/Materials/M_Metal_Brushed_Nickel.uasset" 522
"../../../../../../PG-R4/UE4project/Sugiyama_ActionGame/Content/StarterContent/Textures/T_Metal_Aluminum_D.uasset" 523
"../../../../../../PG-R4/UE4project/Sugiyama_ActionGame/Content/StarterContent/Textures/T_Metal_Gold_N.uasset" 524
"../../../../../../PG-R4/UE4project/Sugiyama_ActionGame/Content/StarterContent/Materials/M_Metal_Burnished_Steel.uasset" 525
"../../../../../../PG-R4/UE4project/Sugiyama_ActionGame/Content/StarterContent/Textures/T_Metal_Copper_D.uasset" 526
"../../../../../../PG-R4/UE4project/Sugiyama_ActionGame/Content/StarterContent/Materials/M_Metal_Copper.uasset" 527
"../../../../../../PG-R4/UE4project/Sugiyama_ActionGame/Content/StarterContent/Textures/T_Statue_M.uasset" 528
"../../../../../../PG-R4/UE4project/Sugiyama_ActionGame/Content/StarterContent/Textures/T_Statue_N.uasset" 529
"../../../../../../PG-R4/UE4project/Sugiyama_ActionGame/Content/StarterContent/Props/Materials/M_StatueGlass.uasset" 530
"../../../../../../PG-R4/UE4project/Sugiyama_ActionGame/Content/StarterContent/Architecture/Floor_400x400.uasset" 531
"../../../../../../PG-R4/UE4project/Sugiyama_ActionGame/Content/StarterContent/Audio/Starter_Background_Cue.uasset" 532
"../../../../../../PG-R4/UE4project/Sugiyama_ActionGame/Content/StarterContent/Props/SM_Chair.uasset" 533
"../../../../../../PG-R4/UE4project/Sugiyama_ActionGame/Content/StarterContent/Props/Materials/M_Statue.uasset" 534
"../../../../../../PG-R4/UE4project/Sugiyama_ActionGame/Content/StarterContent/Props/SM_Statue.uasset" 535
"../../../../../../PG-R4/UE4project/Sugiyama_ActionGame/Content/StarterContent/Textures/T_TableRound_M.uasset" 536
"../../../../../../PG-R4/UE4project/Sugiyama_ActionGame/Content/StarterContent/Textures/T_TableRound_N.uasset" 537
"../../../../../../PG-R4/UE4project/Sugiyama_ActionGame/Content/StarterContent/Props/Materials/M_TableRound.uasset" 538
"../../../../../../PG-R4/UE4project/Sugiyama_ActionGame/Content/StarterContent/Props/SM_TableRound.uasset" 539
"../../../../../../PG-R4/UE4project/Sugiyama_ActionGame/Content/StarterContent/Maps/Minimal_Default.umap" 540
"../../../../../../PG-R4/UE4project/Sugiyama_ActionGame/Content/StarterContent/Audio/Fire01_Cue.uasset" 541
"../../../../../../PG-R4/UE4project/Sugiyama_ActionGame/Content/StarterContent/Textures/T_Fire_SubUV.uasset" 542
"../../../../../../PG-R4/UE4project/Sugiyama_ActionGame/Content/StarterContent/Textures/T_Fire_Tiled_D.uasset" 543
"../../../../../../PG-R4/UE4project/Sugiyama_ActionGame/Content/StarterContent/Particles/Materials/M_Fire_SubUV.uasset" 544
"../../../../../../PG-R4/UE4project/Sugiyama_ActionGame/Content/StarterContent/Textures/T_Water_N.uasset" 545
"../../../../../../PG-R4/UE4project/Sugiyama_ActionGame/Content/StarterContent/Particles/Materials/M_Heat_Distortion.uasset" 546
"../../../../../../PG-R4/UE4project/Sugiyama_ActionGame/Content/StarterContent/Particles/Materials/M_Radial_Gradient.uasset" 547
"../../../../../../PG-R4/UE4project/Sugiyama_ActionGame/Content/StarterContent/Particles/P_Fire.uasset" 548
"../../../../../../PG-R4/UE4project/Sugiyama_ActionGame/Content/StarterContent/Blueprints/Blueprint_Effect_Fire.uasset" 549
"../../../../../../PG-R4/UE4project/Sugiyama_ActionGame/Content/StarterContent/Audio/Smoke01_Cue.uasset" 550
"../../../../../../PG-R4/UE4project/Sugiyama_ActionGame/Content/StarterContent/Particles/P_Smoke.uasset" 551
"../../../../../../PG-R4/UE4project/Sugiyama_ActionGame/Content/StarterContent/Blueprints/Blueprint_Effect_Smoke.uasset" 552
"../../../../../../PG-R4/UE4project/Sugiyama_ActionGame/Content/StarterContent/Audio/Fire_Sparks01_Cue.uasset" 553
"../../../../../../PG-R4/UE4project/Sugiyama_ActionGame/Content/StarterContent/Textures/T_Spark_Core.uasset" 554
"../../../../../../PG-R4/UE4project/Sugiyama_ActionGame/Content/StarterContent/Particles/Materials/M_Spark.uasset" 555
"../../../../../../PG-R4/UE4project/Sugiyama_ActionGame/Content/StarterContent/Particles/P_Sparks.uasset" 556
"../../../../../../PG-R4/UE4project/Sugiyama_ActionGame/Content/StarterContent/Blueprints/Blueprint_Effect_Sparks.uasset" 557
"../../../../../../PG-R4/UE4project/Sugiyama_ActionGame/Content/StarterContent/Audio/Steam01_Cue.uasset" 558
"../../../../../../PG-R4/UE4project/Sugiyama_ActionGame/Content/StarterContent/Particles/P_Steam_Lit.uasset" 559
"../../../../../../PG-R4/UE4project/Sugiyama_ActionGame/Content/StarterContent/Blueprints/Blueprint_Effect_Steam.uasset" 560
"../../../../../../PG-R4/UE4project/Sugiyama_ActionGame/Content/StarterContent/Textures/T_Lamp_M.uasset" 561
"../../../../../../PG-R4/UE4project/Sugiyama_ActionGame/Content/StarterContent/Textures/T_Lamp_N.uasset" 562
"../../../../../../PG-R4/UE4project/Sugiyama_ActionGame/Content/StarterContent/Props/Materials/M_Lamp.uasset" 563
"../../../../../../PG-R4/UE4project/Sugiyama_ActionGame/Content/StarterContent/Props/SM_Lamp_Ceiling.uasset" 564
"../../../../../../PG-R4/UE4project/Sugiyama_ActionGame/Content/StarterContent/Blueprints/Blueprint_CeilingLight.uasset" 565
"../../../../../../PG-R4/UE4project/Sugiyama_ActionGame/Content/StarterContent/Props/SM_Lamp_Wall.uasset" 566
"../../../../../../PG-R4/UE4project/Sugiyama_ActionGame/Content/StarterContent/Blueprints/Blueprint_WallSconce.uasset" 567
"../../../../../../PG-R4/UE4project/Sugiyama_ActionGame/Content/StarterContent/Maps/StarterMap_BuiltData.uasset" 568
"../../../Engine/Content/Functions/Engine_MaterialFunctions03/Procedurals/ComputeFilterWidth.uasset" 569
"../../../Engine/Content/EngineMaterials/AntiAliasedTextMaterialTranslucent.uasset" 570
"../../../../../../PG-R4/UE4project/Sugiyama_ActionGame/Content/StarterContent/Textures/T_Brick_Clay_Beveled_D.uasset" 571
"../../../../../../PG-R4/UE4project/Sugiyama_ActionGame/Content/StarterContent/Textures/T_Brick_Clay_Beveled_M.uasset" 572
"../../../../../../PG-R4/UE4project/Sugiyama_ActionGame/Content/StarterContent/Textures/T_Brick_Clay_Beveled_N.uasset" 573
"../../../../../../PG-R4/UE4project/Sugiyama_ActionGame/Content/StarterContent/Materials/M_Brick_Clay_Beveled.uasset" 574
"../../../../../../PG-R4/UE4project/Sugiyama_ActionGame/Content/StarterContent/Textures/T_Brick_Clay_New_D.uasset" 575
"../../../../../../PG-R4/UE4project/Sugiyama_ActionGame/Content/StarterContent/Textures/T_Brick_Clay_New_M.uasset" 576
"../../../../../../PG-R4/UE4project/Sugiyama_ActionGame/Content/StarterContent/Textures/T_Brick_Clay_New_N.uasset" 577
"../../../../../../PG-R4/UE4project/Sugiyama_ActionGame/Content/StarterContent/Materials/M_Brick_Clay_New.uasset" 578
"../../../../../../PG-R4/UE4project/Sugiyama_ActionGame/Content/StarterContent/Textures/T_Brick_Clay_Old_D.uasset" 579
"../../../../../../PG-R4/UE4project/Sugiyama_ActionGame/Content/StarterContent/Textures/T_Brick_Clay_Old_N.uasset" 580
"../../../../../../PG-R4/UE4project/Sugiyama_ActionGame/Content/StarterContent/Textures/T_Perlin_Noise_M.uasset" 581
"../../../../../../PG-R4/UE4project/Sugiyama_ActionGame/Content/StarterContent/Materials/M_Brick_Clay_Old.uasset" 582
"../../../../../../PG-R4/UE4project/Sugiyama_ActionGame/Content/StarterContent/Textures/T_Brick_Cut_Stone_D.uasset" 583
"../../../../../../PG-R4/UE4project/Sugiyama_ActionGame/Content/StarterContent/Textures/T_Brick_Cut_Stone_N.uasset" 584
"../../../../../../PG-R4/UE4project/Sugiyama_ActionGame/Content/StarterContent/Materials/M_Brick_Cut_Stone.uasset" 585
"../../../../../../PG-R4/UE4project/Sugiyama_ActionGame/Content/StarterContent/Textures/T_Brick_Hewn_Stone_D.uasset" 586
"../../../../../../PG-R4/UE4project/Sugiyama_ActionGame/Content/StarterContent/Textures/T_Brick_Hewn_Stone_M.uasset" 587
"../../../../../../PG-R4/UE4project/Sugiyama_ActionGame/Content/StarterContent/Textures/T_Brick_Hewn_Stone_N.uasset" 588
"../../../../../../PG-R4/UE4project/Sugiyama_ActionGame/Content/StarterContent/Materials/M_Brick_Hewn_Stone.uasset" 589
"../../../../../../PG-R4/UE4project/Sugiyama_ActionGame/Content/StarterContent/Textures/T_Ceramic_Tile_M.uasset" 590
"../../../../../../PG-R4/UE4project/Sugiyama_ActionGame/Content/StarterContent/Textures/T_Ceramic_Tile_N.uasset" 591
"../../../../../../PG-R4/UE4project/Sugiyama_ActionGame/Content/StarterContent/Textures/T_Rock_Marble_Polished_D.uasset" 592
"../../../../../../PG-R4/UE4project/Sugiyama_ActionGame/Content/StarterContent/Materials/M_Ceramic_Tile_Checker.uasset" 593
"../../../../../../PG-R4/UE4project/Sugiyama_ActionGame/Content/StarterContent/Textures/T_CobbleStone_Pebble_D.uasset" 594
"../../../../../../PG-R4/UE4project/Sugiyama_ActionGame/Content/StarterContent/Textures/T_CobbleStone_Pebble_M.uasset" 595
"../../../../../../PG-R4/UE4project/Sugiyama_ActionGame/Content/StarterContent/Textures/T_CobbleStone_Pebble_N.uasset" 596
"../../../../../../PG-R4/UE4project/Sugiyama_ActionGame/Content/StarterContent/Materials/M_CobbleStone_Pebble.uasset" 597
"../../../../../../PG-R4/UE4project/Sugiyama_ActionGame/Content/StarterContent/Textures/T_CobbleStone_Rough_D.uasset" 598
"../../../../../../PG-R4/UE4project/Sugiyama_ActionGame/Content/StarterContent/Textures/T_CobbleStone_Rough_N.uasset" 599
"../../../../../../PG-R4/UE4project/Sugiyama_ActionGame/Content/StarterContent/Textures/T_Gradinet_01.uasset" 600
"../../../../../../PG-R4/UE4project/Sugiyama_ActionGame/Content/StarterContent/Textures/T_Rock_Smooth_Granite_D.uasset" 601
"../../../../../../PG-R4/UE4project/Sugiyama_ActionGame/Content/StarterContent/Materials/M_CobbleStone_Rough.uasset" 602
"../../../../../../PG-R4/UE4project/Sugiyama_ActionGame/Content/StarterContent/Textures/T_CobbleStone_Smooth_D.uasset" 603
"../../../../../../PG-R4/UE4project/Sugiyama_ActionGame/Content/StarterContent/Textures/T_CobbleStone_Smooth_M.uasset" 604
"../../../../../../PG-R4/UE4project/Sugiyama_ActionGame/Content/StarterContent/Textures/T_CobbleStone_Smooth_N.uasset" 605
"../../../../../../PG-R4/UE4project/Sugiyama_ActionGame/Content/StarterContent/Materials/M_CobbleStone_Smooth.uasset" 606
"../../../../../../PG-R4/UE4project/Sugiyama_ActionGame/Content/StarterContent/Textures/T_Concrete_Grime_D.uasset" 607
"../../../../../../PG-R4/UE4project/Sugiyama_ActionGame/Content/StarterContent/Textures/T_Metal_Rust_N.uasset" 608
"../../../../../../PG-R4/UE4project/Sugiyama_ActionGame/Content/StarterContent/Materials/M_Concrete_Grime.uasset" 609
"../../../../../../PG-R4/UE4project/Sugiyama_ActionGame/Content/StarterContent/Textures/T_Concrete_Panels_D.uasset" 610
"../../../../../../PG-R4/UE4project/Sugiyama_ActionGame/Content/StarterContent/Textures/T_Concrete_Panels_N.uasset" 611
"../../../../../../PG-R4/UE4project/Sugiyama_ActionGame/Content/StarterContent/Materials/M_Concrete_Panels.uasset" 612
"../../../../../../PG-R4/UE4project/Sugiyama_ActionGame/Content/StarterContent/Textures/T_Concrete_Poured_D.uasset" 613
"../../../../../../PG-R4/UE4project/Sugiyama_ActionGame/Content/StarterContent/Textures/T_Concrete_Poured_N.uasset" 614
"../../../../../../PG-R4/UE4project/Sugiyama_ActionGame/Content/StarterContent/Materials/M_Concrete_Poured.uasset" 615
"../../../../../../PG-R4/UE4project/Sugiyama_ActionGame/Content/StarterContent/Textures/T_Concrete_Tiles_D.uasset" 616
"../../../../../../PG-R4/UE4project/Sugiyama_ActionGame/Content/StarterContent/Textures/T_Concrete_Tiles_M.uasset" 617
"../../../../../../PG-R4/UE4project/Sugiyama_ActionGame/Content/StarterContent/Textures/T_Concrete_Tiles_N.uasset" 618
"../../../../../../PG-R4/UE4project/Sugiyama_ActionGame/Content/StarterContent/Textures/T_Concrete_Tiles_Variation_M.uasset" 619
"../../../../../../PG-R4/UE4project/Sugiyama_ActionGame/Content/StarterContent/Materials/M_Concrete_Tiles.uasset" 620
"../../../../../../PG-R4/UE4project/Sugiyama_ActionGame/Content/StarterContent/Textures/T_Ground_Grass_D.uasset" 621
"../../../../../../PG-R4/UE4project/Sugiyama_ActionGame/Content/StarterContent/Textures/T_Ground_Grass_N.uasset" 622
"../../../../../../PG-R4/UE4project/Sugiyama_ActionGame/Content/StarterContent/Materials/M_Ground_Grass.uasset" 623
"../../../../../../PG-R4/UE4project/Sugiyama_ActionGame/Content/StarterContent/Textures/T_Ground_Gravel_D.uasset" 624
"../../../../../../PG-R4/UE4project/Sugiyama_ActionGame/Content/StarterContent/Textures/T_Ground_Gravel_N.uasset" 625
"../../../../../../PG-R4/UE4project/Sugiyama_ActionGame/Content/StarterContent/Materials/M_Ground_Gravel.uasset" 626
"../../../../../../PG-R4/UE4project/Sugiyama_ActionGame/Content/StarterContent/Textures/T_ground_Moss_D.uasset" 627
"../../../../../../PG-R4/UE4project/Sugiyama_ActionGame/Content/StarterContent/Textures/T_Ground_Moss_N.uasset" 628
"../../../../../../PG-R4/UE4project/Sugiyama_ActionGame/Content/StarterContent/Materials/M_Ground_Moss.uasset" 629
"../../../../../../PG-R4/UE4project/Sugiyama_ActionGame/Content/StarterContent/Materials/M_Metal_Chrome.uasset" 630
"../../../../../../PG-R4/UE4project/Sugiyama_ActionGame/Content/StarterContent/Textures/T_Metal_Gold_D.uasset" 631
"../../../../../../PG-R4/UE4project/Sugiyama_ActionGame/Content/StarterContent/Materials/M_Metal_Gold.uasset" 632
"../../../../../../PG-R4/UE4project/Sugiyama_ActionGame/Content/StarterContent/Textures/T_Metal_Rust_D.uasset" 633
"../../../../../../PG-R4/UE4project/Sugiyama_ActionGame/Content/StarterContent/Materials/M_Metal_Rust.uasset" 634
"../../../../../../PG-R4/UE4project/Sugiyama_ActionGame/Content/StarterContent/Textures/T_Metal_Steel_D.uasset" 635
"../../../../../../PG-R4/UE4project/Sugiyama_ActionGame/Content/StarterContent/Textures/T_Metal_Steel_N.uasset" 636
"../../../../../../PG-R4/UE4project/Sugiyama_ActionGame/Content/StarterContent/Materials/M_Metal_Steel.uasset" 637
"../../../../../../PG-R4/UE4project/Sugiyama_ActionGame/Content/StarterContent/Textures/T_Rock_Basalt_N.uasset" 638
"../../../../../../PG-R4/UE4project/Sugiyama_ActionGame/Content/StarterContent/Materials/M_Rock_Basalt.uasset" 639
"../../../../../../PG-R4/UE4project/Sugiyama_ActionGame/Content/StarterContent/Materials/M_Rock_Marble_Polished.uasset" 640
"../../../../../../PG-R4/UE4project/Sugiyama_ActionGame/Content/StarterContent/Textures/T_Rock_Sandstone_D.uasset" 641
"../../../../../../PG-R4/UE4project/Sugiyama_ActionGame/Content/StarterContent/Textures/T_Rock_Sandstone_N.uasset" 642
"../../../../../../PG-R4/UE4project/Sugiyama_ActionGame/Content/StarterContent/Materials/M_Rock_Sandstone.uasset" 643
"../../../../../../PG-R4/UE4project/Sugiyama_ActionGame/Content/StarterContent/Textures/T_Rock_Slate_D.uasset" 644
"../../../../../../PG-R4/UE4project/Sugiyama_ActionGame/Content/StarterContent/Textures/T_Rock_Slate_N.uasset" 645
"../../../../../../PG-R4/UE4project/Sugiyama_ActionGame/Content/StarterContent/Materials/M_Rock_Slate.uasset" 646
"../../../../../../PG-R4/UE4project/Sugiyama_ActionGame/Content/StarterContent/Textures/T_Checker_Noise_M.uasset" 647
"../../../../../../PG-R4/UE4project/Sugiyama_ActionGame/Content/StarterContent/Textures/T_Single_Tile_N.uasset" 648
"../../../../../../PG-R4/UE4project/Sugiyama_ActionGame/Content/StarterContent/Textures/T_Tech_Dot_M.uasset" 649
"../../../../../../PG-R4/UE4project/Sugiyama_ActionGame/Content/StarterContent/Textures/T_Tech_Dot_N.uasset" 650
"../../../../../../PG-R4/UE4project/Sugiyama_ActionGame/Content/StarterContent/Materials/M_Tech_Checker_Dot.uasset" 651
"../../../../../../PG-R4/UE4project/Sugiyama_ActionGame/Content/StarterContent/Textures/T_Tech_Hex_Tile_M.uasset" 652
"../../../../../../PG-R4/UE4project/Sugiyama_ActionGame/Content/StarterContent/Textures/T_Tech_Hex_Tile_N.uasset" 653
"../../../../../../PG-R4/UE4project/Sugiyama_ActionGame/Content/StarterContent/Materials/M_Tech_Hex_Tile.uasset" 654
"../../../../../../PG-R4/UE4project/Sugiyama_ActionGame/Content/StarterContent/Materials/M_Tech_Hex_Tile_Pulse.uasset" 655
"../../../../../../PG-R4/UE4project/Sugiyama_ActionGame/Content/StarterContent/Textures/T_Tech_Panel_M.uasset" 656
"../../../../../../PG-R4/UE4project/Sugiyama_ActionGame/Content/StarterContent/Textures/T_Tech_Panel_N.uasset" 657
"../../../../../../PG-R4/UE4project/Sugiyama_ActionGame/Content/StarterContent/Materials/M_Tech_Panel.uasset" 658
"../../../../../../PG-R4/UE4project/Sugiyama_ActionGame/Content/StarterContent/Materials/M_Water_Lake.uasset" 659
"../../../../../../PG-R4/UE4project/Sugiyama_ActionGame/Content/StarterContent/Textures/T_Water_M.uasset" 660
"../../../../../../PG-R4/UE4project/Sugiyama_ActionGame/Content/StarterContent/Materials/M_Water_Ocean.uasset" 661
"../../../../../../PG-R4/UE4project/Sugiyama_ActionGame/Content/StarterContent/Textures/T_Wood_Floor_Walnut_D.uasset" 662
"../../../../../../PG-R4/UE4project/Sugiyama_ActionGame/Content/StarterContent/Textures/T_Wood_Floor_Walnut_M.uasset" 663
"../../../../../../PG-R4/UE4project/Sugiyama_ActionGame/Content/StarterContent/Textures/T_Wood_Floor_Walnut_N.uasset" 664
"../../../../../../PG-R4/UE4project/Sugiyama_ActionGame/Content/StarterContent/Materials/M_Wood_Floor_Walnut_Polished.uasset" 665
"../../../Engine/Content/Functions/Engine_MaterialFunctions01/Opacity/AlphaOffset.uasset" 666
"../../../../../../PG-R4/UE4project/Sugiyama_ActionGame/Content/StarterContent/Materials/M_Wood_Floor_Walnut_Worn.uasset" 667
"../../../../../../PG-R4/UE4project/Sugiyama_ActionGame/Content/StarterContent/Textures/T_Wood_Pine_D.uasset" 668
"../../../../../../PG-R4/UE4project/Sugiyama_ActionGame/Content/StarterContent/Textures/T_Wood_Pine_N.uasset" 669
"../../../../../../PG-R4/UE4project/Sugiyama_ActionGame/Content/StarterContent/Materials/M_Wood_Pine.uasset" 670
"../../../../../../PG-R4/UE4project/Sugiyama_ActionGame/Content/StarterContent/Textures/T_Wood_Walnut_D.uasset" 671
"../../../../../../PG-R4/UE4project/Sugiyama_ActionGame/Content/StarterContent/Textures/T_Wood_Walnut_N.uasset" 672
"../../../../../../PG-R4/UE4project/Sugiyama_ActionGame/Content/StarterContent/Materials/M_Wood_Walnut.uasset" 673
"../../../../../../PG-R4/UE4project/Sugiyama_ActionGame/Content/StarterContent/Architecture/Wall_400x200.uasset" 674
"../../../../../../PG-R4/UE4project/Sugiyama_ActionGame/Content/StarterContent/Architecture/Wall_Door_400x300.uasset" 675
"../../../../../../PG-R4/UE4project/Sugiyama_ActionGame/Content/StarterContent/Architecture/Wall_Window_400x300.uasset" 676
"../../../../../../PG-R4/UE4project/Sugiyama_ActionGame/Content/StarterContent/Audio/Collapse_Cue.uasset" 677
"../../../../../../PG-R4/UE4project/Sugiyama_ActionGame/Content/StarterContent/Audio/Starter_Music_Cue.uasset" 678
"../../../../../../PG-R4/UE4project/Sugiyama_ActionGame/Content/StarterContent/Textures/T_Dust_Particle_D.uasset" 679
"../../../../../../PG-R4/UE4project/Sugiyama_ActionGame/Content/StarterContent/Particles/Materials/M_Dust_Particle.uasset" 680
"../../../../../../PG-R4/UE4project/Sugiyama_ActionGame/Content/StarterContent/Particles/P_Ambient_Dust.uasset" 681
"../../../../../../PG-R4/UE4project/Sugiyama_ActionGame/Content/StarterContent/Props/MaterialSphere.uasset" 682
"../../../../../../PG-R4/UE4project/Sugiyama_ActionGame/Content/StarterContent/Textures/T_Frame_M.uasset" 683
"../../../../../../PG-R4/UE4project/Sugiyama_ActionGame/Content/StarterContent/Textures/T_Frame_N.uasset" 684
"../../../../../../PG-R4/UE4project/Sugiyama_ActionGame/Content/StarterContent/Props/Materials/M_Frame.uasset" 685
"../../../../../../PG-R4/UE4project/Sugiyama_ActionGame/Content/StarterContent/Props/SM_CornerFrame.uasset" 686
"../../../../../../PG-R4/UE4project/Sugiyama_ActionGame/Content/StarterContent/Props/SM_DoorFrame.uasset" 687
"../../../../../../PG-R4/UE4project/Sugiyama_ActionGame/Content/StarterContent/Props/SM_GlassWindow.uasset" 688
"../../../../../../PG-R4/UE4project/Sugiyama_ActionGame/Content/StarterContent/Props/SM_PillarFrame.uasset" 689
"../../../../../../PG-R4/UE4project/Sugiyama_ActionGame/Content/StarterContent/Props/SM_PillarFrame300.uasset" 690
"../../../../../../PG-R4/UE4project/Sugiyama_ActionGame/Content/StarterContent/Props/SM_WindowFrame.uasset" 691
"../../../../../../PG-R4/UE4project/Sugiyama_ActionGame/Content/StarterContent/Shapes/Shape_Cube.uasset" 692
"../../../../../../PG-R4/UE4project/Sugiyama_ActionGame/Content/StarterContent/Shapes/Shape_QuadPyramid.uasset" 693
"../../../../../../PG-R4/UE4project/Sugiyama_ActionGame/Content/StarterContent/Shapes/Shape_Sphere.uasset" 694
"../../../../../../PG-R4/UE4project/Sugiyama_ActionGame/Content/StarterContent/Maps/StarterMap.umap" 695
"../../../../../../PG-R4/UE4project/Sugiyama_ActionGame/Content/ThirdPersonBP/Maps/ThirdPersonExampleMap_BuiltData.uasset" 696
"../../../../../../PG-R4/UE4project/Sugiyama_ActionGame/Content/Geometry/Meshes/1M_Cube.uasset" 697
"../../../../../../PG-R4/UE4project/Sugiyama_ActionGame/Content/Geometry/Meshes/TemplateFloor.uasset" 698
"../../../../../../PG-R4/UE4project/Sugiyama_ActionGame/Content/ThirdPersonBP/Maps/ThirdPersonExampleMap.umap" 699
"../../../Engine/Content/Functions/Engine_MaterialFunctions02/SafeNormalize.uasset" 700
"../../../Engine/Content/Functions/Engine_MaterialFunctions02/Math/CreateThirdOrthogonalVector.uasset" 701
"../../../Engine/Content/Functions/Engine_MaterialFunctions02/Utility/BreakOutFloat3Components.uasset" 702
"../../../Engine/Content/Functions/Engine_MaterialFunctions02/Math/Transform3x3Matrix.uasset" 703
"../../../Engine/Content/Functions/Engine_MaterialFunctions02/TangentBasis.uasset" 704
"../../../Engine/Content/Functions/Engine_MaterialFunctions02/Utility/VectorLength.uasset" 705
"../../../Engine/Content/Functions/Engine_MaterialFunctions01/WorldPositionOffset/SplineThicken.uasset" 706
"../../../../../../PG-R4/UE4project/Sugiyama_ActionGame/Content/Weapon_Pack/Blueprints/Lightshaft/Lightshaft/T_GodRay_Mask01.uasset" 707
"../../../../../../PG-R4/UE4project/Sugiyama_ActionGame/Content/Weapon_Pack/Textures/Noise/TilingNoise02.uasset" 708
"../../../../../../PG-R4/UE4project/Sugiyama_ActionGame/Content/Weapon_Pack/Blueprints/Lightshaft/Lightshaft/M_GodRay.uasset" 709
"../../../../../../PG-R4/UE4project/Sugiyama_ActionGame/Content/Weapon_Pack/Blueprints/Lightshaft/Lightshaft/M_GodRay_Inst_Animated.uasset" 710
"../../../../../../PG-R4/UE4project/Sugiyama_ActionGame/Content/Weapon_Pack/Blueprints/Lightshaft/Lightshaft/SM_GodRay_Plane.uasset" 711
"../../../../../../PG-R4/UE4project/Sugiyama_ActionGame/Content/Weapon_Pack/Blueprints/Lightshaft/Lightshaft/T_GodRay_Mask02.uasset" 712
"../../../../../../PG-R4/UE4project/Sugiyama_ActionGame/Content/Weapon_Pack/Blueprints/Lightshaft/BP_GodRay.uasset" 713
"../../../../../../PG-R4/UE4project/Sugiyama_ActionGame/Content/Weapon_Pack/Map/Weapons_Kit_BuiltData.uasset" 714
"../../../Engine/Content/BasicShapes/BasicShapeMaterial.uasset" 715
"../../../../../../PG-R4/UE4project/Sugiyama_ActionGame/Content/Weapon_Pack/Textures/Set/Stain_Glass/StainGlass_Base_Color.uasset" 716
"../../../../../../PG-R4/UE4project/Sugiyama_ActionGame/Content/Weapon_Pack/Textures/Set/Stain_Glass/StainGlass_Metallic.uasset" 717
"../../../../../../PG-R4/UE4project/Sugiyama_ActionGame/Content/Weapon_Pack/Textures/Set/Stain_Glass/StainGlass_Normal_DirectX.uasset" 718
"../../../../../../PG-R4/UE4project/Sugiyama_ActionGame/Content/Weapon_Pack/Textures/Set/Stain_Glass/StainGlass_Opacity.uasset" 719
"../../../../../../PG-R4/UE4project/Sugiyama_ActionGame/Content/Weapon_Pack/Textures/Set/Stain_Glass/StainGlass_Roughness.uasset" 720
"../../../../../../PG-R4/UE4project/Sugiyama_ActionGame/Content/Weapon_Pack/Materials/M_Stained_Glass.uasset" 721
"../../../../../../PG-R4/UE4project/Sugiyama_ActionGame/Content/Weapon_Pack/Textures/Set/Walls/T_Stone_Wall_Trim_BaseColor.uasset" 722
"../../../../../../PG-R4/UE4project/Sugiyama_ActionGame/Content/Weapon_Pack/Textures/Set/Walls/T_Stone_Wall_Trim_Normal.uasset" 723
"../../../../../../PG-R4/UE4project/Sugiyama_ActionGame/Content/Weapon_Pack/Textures/Set/Walls/T_Stone_Wall_Trim_OcclusionRoughnessMetallic.uasset" 724
"../../../../../../PG-R4/UE4project/Sugiyama_ActionGame/Content/Weapon_Pack/Materials/Set/M_Stone_Wall_Trim.uasset" 725
"../../../../../../PG-R4/UE4project/Sugiyama_ActionGame/Content/Weapon_Pack/Textures/Set/Walls/T_Window_Trim_BaseColor.uasset" 726
"../../../../../../PG-R4/UE4project/Sugiyama_ActionGame/Content/Weapon_Pack/Textures/Set/Walls/T_Window_Trim_Normal.uasset" 727
"../../../../../../PG-R4/UE4project/Sugiyama_ActionGame/Content/Weapon_Pack/Textures/Set/Walls/T_Window_Trim_OcclusionRoughnessMetallic.uasset" 728
"../../../../../../PG-R4/UE4project/Sugiyama_ActionGame/Content/Weapon_Pack/Materials/Set/M_Wall_Window_Frame1.uasset" 729
"../../../../../../PG-R4/UE4project/Sugiyama_ActionGame/Content/Weapon_Pack/Textures/Set/Walls/T_Window_Trim2_BaseColor.uasset" 730
"../../../../../../PG-R4/UE4project/Sugiyama_ActionGame/Content/Weapon_Pack/Textures/Set/Walls/T_Window_Trim2_Normal.uasset" 731
"../../../../../../PG-R4/UE4project/Sugiyama_ActionGame/Content/Weapon_Pack/Textures/Set/Walls/T_Window_Trim2_OcclusionRoughnessMetallic.uasset" 732
"../../../../../../PG-R4/UE4project/Sugiyama_ActionGame/Content/Weapon_Pack/Materials/Set/M_Wall_Window_Frame2.uasset" 733
"../../../Engine/Content/BasicShapes/Cube.uasset" 734
"../../../Engine/Content/BasicShapes/Plane.uasset" 735
"../../../Engine/Content/EditorMeshes/EditorSkySphere.uasset" 736
"../../../../../../PG-R4/UE4project/Sugiyama_ActionGame/Content/Weapon_Pack/Effects/Textures/Fire/T_FireSubUV_11X11_32.uasset" 737
"../../../../../../PG-R4/UE4project/Sugiyama_ActionGame/Content/Weapon_Pack/Effects/Textures/Noise/T_TilingNoise16.uasset" 738
"../../../../../../PG-R4/UE4project/Sugiyama_ActionGame/Content/Weapon_Pack/Effects/Materials/Fire/M_Fire_SubUV_11X11_Noise.uasset" 739
"../../../../../../PG-R4/UE4project/Sugiyama_ActionGame/Content/Weapon_Pack/Effects/Textures/Noise/T_HeatTile3_N.uasset" 740
"../../../../../../PG-R4/UE4project/Sugiyama_ActionGame/Content/Weapon_Pack/Effects/Textures/Noise/T_TilingNoise03.uasset" 741
"../../../../../../PG-R4/UE4project/Sugiyama_ActionGame/Content/Weapon_Pack/Effects/Materials/Fire/M_HeatDistort.uasset" 742
"../../../../../../PG-R4/UE4project/Sugiyama_ActionGame/Content/Weapon_Pack/Effects/Textures/Flares/T_FlareRound_Noise.uasset" 743
"../../../../../../PG-R4/UE4project/Sugiyama_ActionGame/Content/Weapon_Pack/Effects/Materials/Flares/M_FlareRound.uasset" 744
"../../../../../../PG-R4/UE4project/Sugiyama_ActionGame/Content/Weapon_Pack/Effects/Textures/Noise/T_TilingNoise12.uasset" 745
"../../../../../../PG-R4/UE4project/Sugiyama_ActionGame/Content/Weapon_Pack/Effects/Textures/Snow/T_Snow01_Packed.uasset" 746
"../../../../../../PG-R4/UE4project/Sugiyama_ActionGame/Content/Weapon_Pack/Effects/Materials/Sparks/M_Spark_VelocityLerp.uasset" 747
"../../../../../../PG-R4/UE4project/Sugiyama_ActionGame/Content/Weapon_Pack/Effects/VectorFields/VF_RandomNoise_01_90.uasset" 748
"../../../../../../PG-R4/UE4project/Sugiyama_ActionGame/Content/Weapon_Pack/Effects/Particles/Fire/P_TorchFire.uasset" 749
"../../../../../../PG-R4/UE4project/Sugiyama_ActionGame/Content/Weapon_Pack/Textures/Props/Interior/T_Banner_BaseColor.uasset" 750
"../../../../../../PG-R4/UE4project/Sugiyama_ActionGame/Content/Weapon_Pack/Textures/Props/Interior/T_Banner_Normal.uasset" 751
"../../../../../../PG-R4/UE4project/Sugiyama_ActionGame/Content/Weapon_Pack/Textures/Props/Interior/T_Banners_Normal.uasset" 752
"../../../../../../PG-R4/UE4project/Sugiyama_ActionGame/Content/Weapon_Pack/Textures/Props/Interior/T_Banners_OcclusionRoughnessMetallic.uasset" 753
"../../../../../../PG-R4/UE4project/Sugiyama_ActionGame/Content/Weapon_Pack/Materials/Props/Interior/M_Banners.uasset" 754
"../../../../../../PG-R4/UE4project/Sugiyama_ActionGame/Content/Weapon_Pack/Mesh/Props/Interior/SM_Banner_1.uasset" 755
"../../../../../../PG-R4/UE4project/Sugiyama_ActionGame/Content/Weapon_Pack/Textures/Props/Interior/T_Props1_BaseColor.uasset" 756
"../../../../../../PG-R4/UE4project/Sugiyama_ActionGame/Content/Weapon_Pack/Textures/Props/Interior/T_Props1_Normal.uasset" 757
"../../../../../../PG-R4/UE4project/Sugiyama_ActionGame/Content/Weapon_Pack/Textures/Props/Interior/T_Props1_OcclusionRoughnessMetallic.uasset" 758
"../../../../../../PG-R4/UE4project/Sugiyama_ActionGame/Content/Weapon_Pack/Materials/Props/Interior/M_Props1.uasset" 759
"../../../../../../PG-R4/UE4project/Sugiyama_ActionGame/Content/Weapon_Pack/Mesh/Props/Interior/SM_Banner_Rod1.uasset" 760
"../../../../../../PG-R4/UE4project/Sugiyama_ActionGame/Content/Weapon_Pack/Textures/Props/Interior/T_Wood_Props_BaseColor.uasset" 761
"../../../../../../PG-R4/UE4project/Sugiyama_ActionGame/Content/Weapon_Pack/Textures/Props/Interior/T_Wood_Props_Normal.uasset" 762
"../../../../../../PG-R4/UE4project/Sugiyama_ActionGame/Content/Weapon_Pack/Textures/Props/Interior/T_Wood_Props_OcclusionRoughnessMetallic.uasset" 763
"../../../../../../PG-R4/UE4project/Sugiyama_ActionGame/Content/Weapon_Pack/Materials/Props/Interior/M_Wood_Props.uasset" 764
"../../../../../../PG-R4/UE4project/Sugiyama_ActionGame/Content/Weapon_Pack/Mesh/Props/Interior/SM_Barrel.uasset" 765
"../../../../../../PG-R4/UE4project/Sugiyama_ActionGame/Content/Weapon_Pack/Textures/Props/Interior/T_Props2_BaseColor.uasset" 766
"../../../../../../PG-R4/UE4project/Sugiyama_ActionGame/Content/Weapon_Pack/Textures/Props/Interior/T_Props2_Normal.uasset" 767
"../../../../../../PG-R4/UE4project/Sugiyama_ActionGame/Content/Weapon_Pack/Textures/Props/Interior/T_Props2_OcclusionRoughnessMetallic.uasset" 768
"../../../../../../PG-R4/UE4project/Sugiyama_ActionGame/Content/Weapon_Pack/Materials/Props/Interior/M_Props2.uasset" 769
"../../../../../../PG-R4/UE4project/Sugiyama_ActionGame/Content/Weapon_Pack/Mesh/Props/Interior/SM_Bench.uasset" 770
"../../../../../../PG-R4/UE4project/Sugiyama_ActionGame/Content/Weapon_Pack/Mesh/Props/Interior/SM_Chair.uasset" 771
"../../../../../../PG-R4/UE4project/Sugiyama_ActionGame/Content/Weapon_Pack/Mesh/Props/Interior/SM_Fire_Bowl.uasset" 772
"../../../../../../PG-R4/UE4project/Sugiyama_ActionGame/Content/Weapon_Pack/Mesh/Props/Interior/SM_Holder.uasset" 773
"../../../../../../PG-R4/UE4project/Sugiyama_ActionGame/Content/Weapon_Pack/Mesh/Props/Interior/SM_Table.uasset" 774
"../../../../../../PG-R4/UE4project/Sugiyama_ActionGame/Content/Weapon_Pack/Mesh/Props/Interior/SM_Wall_Torch1.uasset" 775
"../../../../../../PG-R4/UE4project/Sugiyama_ActionGame/Content/Weapon_Pack/Mesh/Props/Interior/SM_Weapon_Rack2.uasset" 776
"../../../../../../PG-R4/UE4project/Sugiyama_ActionGame/Content/Weapon_Pack/Mesh/Props/Interior/SM_Weapon_rack_1.uasset" 777
"../../../../../../PG-R4/UE4project/Sugiyama_ActionGame/Content/Weapon_Pack/Mesh/Props/Interior/SM_Weapon_WallMount.uasset" 778
"../../../../../../PG-R4/UE4project/Sugiyama_ActionGame/Content/Weapon_Pack/Textures/Set/T_Floor_BaseColor.uasset" 779
"../../../../../../PG-R4/UE4project/Sugiyama_ActionGame/Content/Weapon_Pack/Textures/Set/T_Floor_Normal.uasset" 780
"../../../../../../PG-R4/UE4project/Sugiyama_ActionGame/Content/Weapon_Pack/Textures/Set/T_Floor_OcclusionRoughnessMetallic.uasset" 781
"../../../../../../PG-R4/UE4project/Sugiyama_ActionGame/Content/Weapon_Pack/Materials/Set/M_Floor.uasset" 782
"../../../../../../PG-R4/UE4project/Sugiyama_ActionGame/Content/Weapon_Pack/Mesh/Set/SM_Floor.uasset" 783
"../../../../../../PG-R4/UE4project/Sugiyama_ActionGame/Content/Weapon_Pack/Textures/Set/Walls/T_Stone_Wall_BaseColor.uasset" 784
"../../../../../../PG-R4/UE4project/Sugiyama_ActionGame/Content/Weapon_Pack/Textures/Set/Walls/T_Stone_Wall_Normal.uasset" 785
"../../../../../../PG-R4/UE4project/Sugiyama_ActionGame/Content/Weapon_Pack/Textures/Set/Walls/T_Stone_Wall_OcclusionRoughnessMetallic.uasset" 786
"../../../../../../PG-R4/UE4project/Sugiyama_ActionGame/Content/Weapon_Pack/Materials/Set/M_Stone_Wall.uasset" 787
"../../../../../../PG-R4/UE4project/Sugiyama_ActionGame/Content/Weapon_Pack/Mesh/Set/SM_Wall.uasset" 788
"../../../../../../PG-R4/UE4project/Sugiyama_ActionGame/Content/Weapon_Pack/Textures/Set/T_Window_Frames_BaseColor.uasset" 789
"../../../../../../PG-R4/UE4project/Sugiyama_ActionGame/Content/Weapon_Pack/Textures/Set/T_Window_Frames_Normal.uasset" 790
"../../../../../../PG-R4/UE4project/Sugiyama_ActionGame/Content/Weapon_Pack/Textures/Set/T_Window_Frames_OcclusionRoughnessMetallic.uasset" 791
"../../../../../../PG-R4/UE4project/Sugiyama_ActionGame/Content/Weapon_Pack/Materials/Set/M_Window_Frames.uasset" 792
"../../../../../../PG-R4/UE4project/Sugiyama_ActionGame/Content/Weapon_Pack/Mesh/Set/SM_Window_Frame_Large.uasset" 793
"../../../../../../PG-R4/UE4project/Sugiyama_ActionGame/Content/Weapon_Pack/Mesh/Set/SM_Window_Wall_Tall.uasset" 794
"../../../../../../PG-R4/UE4project/Sugiyama_ActionGame/Content/Weapon_Pack/Mesh/Weapons/Weapons_Kit/SM_Axe.uasset" 795
"../../../../../../PG-R4/UE4project/Sugiyama_ActionGame/Content/Weapon_Pack/Mesh/Weapons/Weapons_Kit/SM_Dagger_1.uasset" 796
"../../../../../../PG-R4/UE4project/Sugiyama_ActionGame/Content/Weapon_Pack/Mesh/Weapons/Weapons_Kit/SM_Dagger_2.uasset" 797
"../../../../../../PG-R4/UE4project/Sugiyama_ActionGame/Content/Weapon_Pack/Mesh/Weapons/Weapons_Kit/SM_GreatAxe.uasset" 798
"../../../../../../PG-R4/UE4project/Sugiyama_ActionGame/Content/Weapon_Pack/Mesh/Weapons/Weapons_Kit/SM_GreatHammer.uasset" 799
"../../../../../../PG-R4/UE4project/Sugiyama_ActionGame/Content/Weapon_Pack/Mesh/Weapons/Weapons_Kit/SM_H2H.uasset" 800
"../../../../../../PG-R4/UE4project/Sugiyama_ActionGame/Content/Weapon_Pack/Mesh/Weapons/Weapons_Kit/SM_Mace.uasset" 801
"../../../../../../PG-R4/UE4project/Sugiyama_ActionGame/Content/Weapon_Pack/Mesh/Weapons/Weapons_Kit/SM_Shield.uasset" 802
"../../../../../../PG-R4/UE4project/Sugiyama_ActionGame/Content/Weapon_Pack/Mesh/Weapons/Weapons_Kit/SM_Sickle.uasset" 803
"../../../../../../PG-R4/UE4project/Sugiyama_ActionGame/Content/Weapon_Pack/Mesh/Weapons/Weapons_Kit/SM_Spear.uasset" 804
"../../../../../../PG-R4/UE4project/Sugiyama_ActionGame/Content/Weapon_Pack/Mesh/Weapons/Weapons_Kit/SM_Throwing.uasset" 805
"../../../../../../PG-R4/UE4project/Sugiyama_ActionGame/Content/Weapon_Pack/Textures/HDRI/HDRI_Epic_Courtyard_Daylight.uasset" 806
"../../../../../../PG-R4/UE4project/Sugiyama_ActionGame/Content/Weapon_Pack/Map/Weapons_Kit.umap" 807
"../../../Engine/Content/Maps/Entry_BuiltData.uasset" 808
"../../../Engine/Content/Maps/Entry.umap" 809
